================================================================================
MONITORAMENTO DE MÚLTIPLOS ARQUIVOS INICIADO
Extensões monitoradas: .dom, .prj, .xml, .lib, .txt
================================================================================
BackupManager inicializado: C:/Users/Júlia/Desktop/Teste/b
LogManager inicializado: C:/Users/Júlia/Desktop/Teste/b\Logs Resumo
Resumo diário salvo: C:/Users/Júlia/Desktop/Teste/b\Logs Resumo\resumo_20251105.txt
FileMonitor inicializado para monitorar: .dom, .prj, .xml, .lib, .txt
2025-11-05 20:28:25 - Monitoramento iniciado em: C:/Users/Júlia/Desktop/Teste/monitor
2025-11-05 20:28:45 - CRIADO: C:/Users/Júlia/Desktop/Teste/monitor\EMT - Copia.dom | Usuário: Júlia
2025-11-05 20:28:45 - Backup criado: C:/Users/Júlia/Desktop/Teste/b\EMT - Copia\EMT - Copia_20251105_202845_Júlia.dom
2025-11-05 20:28:55 - DELETADO: C:/Users/Júlia/Desktop/Teste/monitor\SE_Aguas_Quentes.prj | Usuário: Júlia
2025-11-05 20:29:18 - MODIFICADO: C:/Users/Júlia/Desktop/Teste/monitor\SE_Aguas_Quentes_Religadores.prj | Usuário: Júlia
2025-11-05 20:29:18 - Backup criado: C:/Users/Júlia/Desktop/Teste/b\SE_Aguas_Quentes_Religadores\SE_Aguas_Quentes_Religadores_20251105_202918_Júlia.prj
2025-11-05 20:29:52 - CRIADO: C:/Users/Júlia/Desktop/Teste/monitor\Novo(a) Documento de Texto.txt | Usuário: Júlia
2025-11-05 20:29:52 - Backup criado: C:/Users/Júlia/Desktop/Teste/b\Novo(a) Documento de Texto\Novo(a) Documento de Texto_20251105_202952_Júlia.txt
2025-11-05 20:30:04 - CRIADO: C:/Users/Júlia/Desktop/Teste/monitor\TreeViewWatchWindow - Copia.xml | Usuário: Júlia
Erro ao criar backup de C:/Users/Júlia/Desktop/Teste/monitor\TreeViewWatchWindow - Copia.xml: [WinError 32] O arquivo já está sendo usado por outro processo
Backup da pasta monitorada salvo: C:/Users/Júlia/Desktop/Teste/b\Backups Pasta Monitorada\monitor_05-11-2025_20-30-49
Log consolidado salvo: C:/Users/Júlia/Desktop/Teste/b\Logs Consolidados\log_consolidado_20251105.txt
Resumo diário salvo: C:/Users/Júlia/Desktop/Teste/b\Logs Resumo\resumo_20251105.txt
2025-11-05 20:30:49 - Monitoramento interrompido pelo usuário
