2025-05-22 21:24:37 - Monitoramento iniciado em: C:\Users\casm\OneDrive - Energisa\Documentos\Backup Base Elipse\EnergisaSulSudeste
2025-05-22 21:25:00 - Monitoramento iniciado em: C:\Users\casm\OneDrive - Energisa\Documentos\Backup Base Elipse\EnergisaSulSudeste
2025-05-22 21:25:11 - Monitoramento iniciado em: C:\Users\casm\OneDrive - Energisa\Documentos\Backup Base Elipse\EnergisaSulSudeste
2025-05-22 21:26:54 - Monitoramento iniciado em: C:\Users\casm\OneDrive - Energisa\Documentos\Backup Base Elipse\EnergisaSulSudeste
2025-05-22 21:31:12 - Monitoramento iniciado em: C:\BKPS Elipse\ESS\EnergisaSulSudeste_180225
2025-05-22 21:31:51 - MODIFICADO: C:\BKPS Elipse\ESS\EnergisaSulSudeste_180225\Reguladores_Bragantina.prj | Usuário: casm
2025-05-22 21:31:51 - MODIFICADO: C:\BKPS Elipse\ESS\EnergisaSulSudeste_180225\Reguladores_Bragantina.prj | Usuário: casm
2025-05-22 21:31:51 - MODIFICADO: C:\BKPS Elipse\ESS\EnergisaSulSudeste_180225\Reguladores_Bragantina.prj | Usuário: casm
2025-05-22 21:31:51 - MODIFICADO: C:\BKPS Elipse\ESS\EnergisaSulSudeste_180225\Reguladores_Bragantina.prj | Usuário: casm
2025-05-22 21:31:51 - MODIFICADO: C:\BKPS Elipse\ESS\EnergisaSulSudeste_180225\Reguladores_Bragantina.prj | Usuário: casm
2025-05-22 21:31:52 - MODIFICADO: C:\BKPS Elipse\ESS\EnergisaSulSudeste_180225\Reguladores_Bragantina.prj | Usuário: casm
2025-05-22 21:32:30 - MODIFICADO: C:\BKPS Elipse\ESS\EnergisaSulSudeste_180225\Reguladores_Bragantina.prj | Usuário: casm
2025-05-22 21:32:30 - MODIFICADO: C:\BKPS Elipse\ESS\EnergisaSulSudeste_180225\Reguladores_Bragantina.prj | Usuário: casm
2025-05-22 21:32:30 - MODIFICADO: C:\BKPS Elipse\ESS\EnergisaSulSudeste_180225\Reguladores_Bragantina.prj | Usuário: casm
2025-05-22 21:32:31 - MODIFICADO: C:\BKPS Elipse\ESS\EnergisaSulSudeste_180225\Reguladores_Bragantina.prj | Usuário: casm
2025-05-22 21:38:07 - Monitoramento iniciado em: C:\BKPS Elipse\ESS\EnergisaSulSudeste_180225
2025-05-22 21:38:27 - MODIFICADO: C:\BKPS Elipse\ESS\EnergisaSulSudeste_180225\Reguladores_Bragantina.prj | Usuário: casm
2025-05-22 21:38:29 - MODIFICADO: C:\BKPS Elipse\ESS\EnergisaSulSudeste_180225\Reguladores_Bragantina.prj | Usuário: casm
2025-05-22 21:40:01 - MODIFICADO: C:\BKPS Elipse\ESS\EnergisaSulSudeste_180225\Centro\REL_C_AguadoAlmoco.prj | Usuário: casm
2025-05-22 21:42:17 - MODIFICADO: C:\BKPS Elipse\ESS\EnergisaSulSudeste_180225\Leste\REL_L_Toledo.prj | Usuário: casm
2025-05-22 21:50:07 - Monitoramento iniciado em: C:\BKPS Elipse\ESS\EnergisaSulSudeste_180225
2025-05-22 21:50:20 - MODIFICADO: C:\BKPS Elipse\ESS\EnergisaSulSudeste_180225\Reguladores_Bragantina.prj | Usuário: casm
2025-05-22 21:50:20 - Backup criado: C:\BKPS Elipse\ESS\EnergisaSulSudeste_180225\backup\Reguladores_Bragantina\Reguladores_Bragantina_20250522_215020.prj
2025-05-22 21:50:20 - CRIADO: C:\BKPS Elipse\ESS\EnergisaSulSudeste_180225\backup\Reguladores_Bragantina\Reguladores_Bragantina_20250522_215020.prj | Usuário: casm
2025-05-22 21:50:20 - Backup criado: C:\BKPS Elipse\ESS\EnergisaSulSudeste_180225\backup\Reguladores_Bragantina_20250522_215020\Reguladores_Bragantina_20250522_215020_20250522_215020.prj
2025-05-22 21:50:20 - CRIADO: C:\BKPS Elipse\ESS\EnergisaSulSudeste_180225\backup\Reguladores_Bragantina_20250522_215020\Reguladores_Bragantina_20250522_215020_20250522_215020.prj | Usuário: casm
2025-05-22 21:50:20 - Backup criado: C:\BKPS Elipse\ESS\EnergisaSulSudeste_180225\backup\Reguladores_Bragantina_20250522_215020_20250522_215020\Reguladores_Bragantina_20250522_215020_20250522_215020_20250522_215020.prj
2025-05-22 21:50:20 - CRIADO: C:\BKPS Elipse\ESS\EnergisaSulSudeste_180225\backup\Reguladores_Bragantina_20250522_215020_20250522_215020\Reguladores_Bragantina_20250522_215020_20250522_215020_20250522_215020.prj | Usuário: casm
2025-05-22 21:50:20 - Backup criado: C:\BKPS Elipse\ESS\EnergisaSulSudeste_180225\backup\Reguladores_Bragantina_20250522_215020_20250522_215020_20250522_215020\Reguladores_Bragantina_20250522_215020_20250522_215020_20250522_215020_20250522_215020.prj
2025-05-22 21:50:20 - CRIADO: C:\BKPS Elipse\ESS\EnergisaSulSudeste_180225\backup\Reguladores_Bragantina_20250522_215020_20250522_215020_20250522_215020\Reguladores_Bragantina_20250522_215020_20250522_215020_20250522_215020_20250522_215020.prj | Usuário: casm
2025-05-22 21:50:20 - Backup criado: C:\BKPS Elipse\ESS\EnergisaSulSudeste_180225\backup\Reguladores_Bragantina_20250522_215020_20250522_215020_20250522_215020_20250522_215020\Reguladores_Bragantina_20250522_215020_20250522_215020_20250522_215020_20250522_215020_20250522_215020.prj
2025-05-22 21:50:20 - CRIADO: C:\BKPS Elipse\ESS\EnergisaSulSudeste_180225\backup\Reguladores_Bragantina_20250522_215020_20250522_215020_20250522_215020_20250522_215020\Reguladores_Bragantina_20250522_215020_20250522_215020_20250522_215020_20250522_215020_20250522_215020.prj | Usuário: casm
2025-05-22 21:50:20 - Erro ao criar backup de C:\BKPS Elipse\ESS\EnergisaSulSudeste_180225\backup\Reguladores_Bragantina_20250522_215020_20250522_215020_20250522_215020_20250522_215020\Reguladores_Bragantina_20250522_215020_20250522_215020_20250522_215020_20250522_215020_20250522_215020.prj: [WinError 3] O sistema não pode encontrar o caminho especificado
2025-05-22 21:50:21 - MODIFICADO: C:\BKPS Elipse\ESS\EnergisaSulSudeste_180225\backup\Reguladores_Bragantina\Reguladores_Bragantina_20250522_215020.prj | Usuário: casm
2025-05-22 21:50:21 - Backup criado: C:\BKPS Elipse\ESS\EnergisaSulSudeste_180225\backup\Reguladores_Bragantina_20250522_215020\Reguladores_Bragantina_20250522_215020_20250522_215021.prj
2025-05-22 21:50:21 - CRIADO: C:\BKPS Elipse\ESS\EnergisaSulSudeste_180225\backup\Reguladores_Bragantina_20250522_215020\Reguladores_Bragantina_20250522_215020_20250522_215021.prj | Usuário: casm
2025-05-22 21:50:21 - Backup criado: C:\BKPS Elipse\ESS\EnergisaSulSudeste_180225\backup\Reguladores_Bragantina_20250522_215020_20250522_215021\Reguladores_Bragantina_20250522_215020_20250522_215021_20250522_215021.prj
2025-05-22 21:50:21 - CRIADO: C:\BKPS Elipse\ESS\EnergisaSulSudeste_180225\backup\Reguladores_Bragantina_20250522_215020_20250522_215021\Reguladores_Bragantina_20250522_215020_20250522_215021_20250522_215021.prj | Usuário: casm
2025-05-22 21:50:21 - Backup criado: C:\BKPS Elipse\ESS\EnergisaSulSudeste_180225\backup\Reguladores_Bragantina_20250522_215020_20250522_215021_20250522_215021\Reguladores_Bragantina_20250522_215020_20250522_215021_20250522_215021_20250522_215021.prj
2025-05-22 21:50:21 - CRIADO: C:\BKPS Elipse\ESS\EnergisaSulSudeste_180225\backup\Reguladores_Bragantina_20250522_215020_20250522_215021_20250522_215021\Reguladores_Bragantina_20250522_215020_20250522_215021_20250522_215021_20250522_215021.prj | Usuário: casm
2025-05-22 21:50:21 - Backup criado: C:\BKPS Elipse\ESS\EnergisaSulSudeste_180225\backup\Reguladores_Bragantina_20250522_215020_20250522_215021_20250522_215021_20250522_215021\Reguladores_Bragantina_20250522_215020_20250522_215021_20250522_215021_20250522_215021_20250522_215021.prj
2025-05-22 21:50:21 - CRIADO: C:\BKPS Elipse\ESS\EnergisaSulSudeste_180225\backup\Reguladores_Bragantina_20250522_215020_20250522_215021_20250522_215021_20250522_215021\Reguladores_Bragantina_20250522_215020_20250522_215021_20250522_215021_20250522_215021_20250522_215021.prj | Usuário: casm
2025-05-22 21:50:21 - Erro ao criar backup de C:\BKPS Elipse\ESS\EnergisaSulSudeste_180225\backup\Reguladores_Bragantina_20250522_215020_20250522_215021_20250522_215021_20250522_215021\Reguladores_Bragantina_20250522_215020_20250522_215021_20250522_215021_20250522_215021_20250522_215021.prj: [WinError 3] O sistema não pode encontrar o caminho especificado
2025-05-22 21:50:21 - MODIFICADO: C:\BKPS Elipse\ESS\EnergisaSulSudeste_180225\Reguladores_Bragantina.prj | Usuário: casm
2025-05-22 21:50:21 - Backup criado: C:\BKPS Elipse\ESS\EnergisaSulSudeste_180225\backup\Reguladores_Bragantina\Reguladores_Bragantina_20250522_215021.prj
2025-05-22 21:50:21 - CRIADO: C:\BKPS Elipse\ESS\EnergisaSulSudeste_180225\backup\Reguladores_Bragantina\Reguladores_Bragantina_20250522_215021.prj | Usuário: casm
2025-05-22 21:50:21 - Backup criado: C:\BKPS Elipse\ESS\EnergisaSulSudeste_180225\backup\Reguladores_Bragantina_20250522_215021\Reguladores_Bragantina_20250522_215021_20250522_215021.prj
2025-05-22 21:50:21 - CRIADO: C:\BKPS Elipse\ESS\EnergisaSulSudeste_180225\backup\Reguladores_Bragantina_20250522_215021\Reguladores_Bragantina_20250522_215021_20250522_215021.prj | Usuário: casm
2025-05-22 21:50:22 - Backup criado: C:\BKPS Elipse\ESS\EnergisaSulSudeste_180225\backup\Reguladores_Bragantina_20250522_215021_20250522_215021\Reguladores_Bragantina_20250522_215021_20250522_215021_20250522_215021.prj
2025-05-22 21:50:22 - CRIADO: C:\BKPS Elipse\ESS\EnergisaSulSudeste_180225\backup\Reguladores_Bragantina_20250522_215021_20250522_215021\Reguladores_Bragantina_20250522_215021_20250522_215021_20250522_215021.prj | Usuário: casm
2025-05-22 21:50:22 - Backup criado: C:\BKPS Elipse\ESS\EnergisaSulSudeste_180225\backup\Reguladores_Bragantina_20250522_215021_20250522_215021_20250522_215021\Reguladores_Bragantina_20250522_215021_20250522_215021_20250522_215021_20250522_215022.prj
2025-05-22 21:50:22 - CRIADO: C:\BKPS Elipse\ESS\EnergisaSulSudeste_180225\backup\Reguladores_Bragantina_20250522_215021_20250522_215021_20250522_215021\Reguladores_Bragantina_20250522_215021_20250522_215021_20250522_215021_20250522_215022.prj | Usuário: casm
2025-05-22 21:50:22 - Backup criado: C:\BKPS Elipse\ESS\EnergisaSulSudeste_180225\backup\Reguladores_Bragantina_20250522_215021_20250522_215021_20250522_215021_20250522_215022\Reguladores_Bragantina_20250522_215021_20250522_215021_20250522_215021_20250522_215022_20250522_215022.prj
2025-05-22 21:50:22 - CRIADO: C:\BKPS Elipse\ESS\EnergisaSulSudeste_180225\backup\Reguladores_Bragantina_20250522_215021_20250522_215021_20250522_215021_20250522_215022\Reguladores_Bragantina_20250522_215021_20250522_215021_20250522_215021_20250522_215022_20250522_215022.prj | Usuário: casm
2025-05-22 21:50:22 - Erro ao criar backup de C:\BKPS Elipse\ESS\EnergisaSulSudeste_180225\backup\Reguladores_Bragantina_20250522_215021_20250522_215021_20250522_215021_20250522_215022\Reguladores_Bragantina_20250522_215021_20250522_215021_20250522_215021_20250522_215022_20250522_215022.prj: [WinError 3] O sistema não pode encontrar o caminho especificado
2025-05-22 21:50:22 - MODIFICADO: C:\BKPS Elipse\ESS\EnergisaSulSudeste_180225\backup\Reguladores_Bragantina_20250522_215020\Reguladores_Bragantina_20250522_215020_20250522_215020.prj | Usuário: casm
2025-05-22 21:50:22 - Backup criado: C:\BKPS Elipse\ESS\EnergisaSulSudeste_180225\backup\Reguladores_Bragantina_20250522_215020_20250522_215020\Reguladores_Bragantina_20250522_215020_20250522_215020_20250522_215022.prj
2025-05-22 21:50:22 - CRIADO: C:\BKPS Elipse\ESS\EnergisaSulSudeste_180225\backup\Reguladores_Bragantina_20250522_215020_20250522_215020\Reguladores_Bragantina_20250522_215020_20250522_215020_20250522_215022.prj | Usuário: casm
2025-05-22 21:50:22 - Backup criado: C:\BKPS Elipse\ESS\EnergisaSulSudeste_180225\backup\Reguladores_Bragantina_20250522_215020_20250522_215020_20250522_215022\Reguladores_Bragantina_20250522_215020_20250522_215020_20250522_215022_20250522_215022.prj
2025-05-22 21:50:22 - CRIADO: C:\BKPS Elipse\ESS\EnergisaSulSudeste_180225\backup\Reguladores_Bragantina_20250522_215020_20250522_215020_20250522_215022\Reguladores_Bragantina_20250522_215020_20250522_215020_20250522_215022_20250522_215022.prj | Usuário: casm
2025-05-22 21:50:22 - Backup criado: C:\BKPS Elipse\ESS\EnergisaSulSudeste_180225\backup\Reguladores_Bragantina_20250522_215020_20250522_215020_20250522_215022_20250522_215022\Reguladores_Bragantina_20250522_215020_20250522_215020_20250522_215022_20250522_215022_20250522_215022.prj
2025-05-22 21:50:22 - CRIADO: C:\BKPS Elipse\ESS\EnergisaSulSudeste_180225\backup\Reguladores_Bragantina_20250522_215020_20250522_215020_20250522_215022_20250522_215022\Reguladores_Bragantina_20250522_215020_20250522_215020_20250522_215022_20250522_215022_20250522_215022.prj | Usuário: casm
2025-05-22 21:50:22 - Erro ao criar backup de C:\BKPS Elipse\ESS\EnergisaSulSudeste_180225\backup\Reguladores_Bragantina_20250522_215020_20250522_215020_20250522_215022_20250522_215022\Reguladores_Bragantina_20250522_215020_20250522_215020_20250522_215022_20250522_215022_20250522_215022.prj: [WinError 3] O sistema não pode encontrar o caminho especificado
2025-05-22 21:50:23 - MODIFICADO: C:\BKPS Elipse\ESS\EnergisaSulSudeste_180225\backup\Reguladores_Bragantina_20250522_215020_20250522_215020\Reguladores_Bragantina_20250522_215020_20250522_215020_20250522_215020.prj | Usuário: casm
2025-05-22 21:50:23 - Backup criado: C:\BKPS Elipse\ESS\EnergisaSulSudeste_180225\backup\Reguladores_Bragantina_20250522_215020_20250522_215020_20250522_215020\Reguladores_Bragantina_20250522_215020_20250522_215020_20250522_215020_20250522_215023.prj
2025-05-22 21:50:23 - CRIADO: C:\BKPS Elipse\ESS\EnergisaSulSudeste_180225\backup\Reguladores_Bragantina_20250522_215020_20250522_215020_20250522_215020\Reguladores_Bragantina_20250522_215020_20250522_215020_20250522_215020_20250522_215023.prj | Usuário: casm
2025-05-22 21:50:23 - Backup criado: C:\BKPS Elipse\ESS\EnergisaSulSudeste_180225\backup\Reguladores_Bragantina_20250522_215020_20250522_215020_20250522_215020_20250522_215023\Reguladores_Bragantina_20250522_215020_20250522_215020_20250522_215020_20250522_215023_20250522_215023.prj
2025-05-22 21:50:23 - CRIADO: C:\BKPS Elipse\ESS\EnergisaSulSudeste_180225\backup\Reguladores_Bragantina_20250522_215020_20250522_215020_20250522_215020_20250522_215023\Reguladores_Bragantina_20250522_215020_20250522_215020_20250522_215020_20250522_215023_20250522_215023.prj | Usuário: casm
2025-05-22 21:50:23 - Erro ao criar backup de C:\BKPS Elipse\ESS\EnergisaSulSudeste_180225\backup\Reguladores_Bragantina_20250522_215020_20250522_215020_20250522_215020_20250522_215023\Reguladores_Bragantina_20250522_215020_20250522_215020_20250522_215020_20250522_215023_20250522_215023.prj: [WinError 3] O sistema não pode encontrar o caminho especificado
2025-05-22 21:50:23 - MODIFICADO: C:\BKPS Elipse\ESS\EnergisaSulSudeste_180225\backup\Reguladores_Bragantina_20250522_215020_20250522_215020_20250522_215020\Reguladores_Bragantina_20250522_215020_20250522_215020_20250522_215020_20250522_215020.prj | Usuário: casm
2025-05-22 21:50:23 - Backup criado: C:\BKPS Elipse\ESS\EnergisaSulSudeste_180225\backup\Reguladores_Bragantina_20250522_215020_20250522_215020_20250522_215020_20250522_215020\Reguladores_Bragantina_20250522_215020_20250522_215020_20250522_215020_20250522_215020_20250522_215023.prj
2025-05-22 21:50:23 - CRIADO: C:\BKPS Elipse\ESS\EnergisaSulSudeste_180225\backup\Reguladores_Bragantina_20250522_215020_20250522_215020_20250522_215020_20250522_215020\Reguladores_Bragantina_20250522_215020_20250522_215020_20250522_215020_20250522_215020_20250522_215023.prj | Usuário: casm
2025-05-22 21:50:23 - Erro ao criar backup de C:\BKPS Elipse\ESS\EnergisaSulSudeste_180225\backup\Reguladores_Bragantina_20250522_215020_20250522_215020_20250522_215020_20250522_215020\Reguladores_Bragantina_20250522_215020_20250522_215020_20250522_215020_20250522_215020_20250522_215023.prj: [WinError 3] O sistema não pode encontrar o caminho especificado
2025-05-22 21:50:24 - MODIFICADO: C:\BKPS Elipse\ESS\EnergisaSulSudeste_180225\backup\Reguladores_Bragantina_20250522_215020_20250522_215020_20250522_215020_20250522_215020\Reguladores_Bragantina_20250522_215020_20250522_215020_20250522_215020_20250522_215020_20250522_215020.prj | Usuário: casm
2025-05-22 21:50:24 - Erro ao criar backup de C:\BKPS Elipse\ESS\EnergisaSulSudeste_180225\backup\Reguladores_Bragantina_20250522_215020_20250522_215020_20250522_215020_20250522_215020\Reguladores_Bragantina_20250522_215020_20250522_215020_20250522_215020_20250522_215020_20250522_215020.prj: [WinError 3] O sistema não pode encontrar o caminho especificado
2025-05-22 21:50:24 - MODIFICADO: C:\BKPS Elipse\ESS\EnergisaSulSudeste_180225\backup\Reguladores_Bragantina_20250522_215020\Reguladores_Bragantina_20250522_215020_20250522_215021.prj | Usuário: casm
2025-05-22 21:50:24 - Backup criado: C:\BKPS Elipse\ESS\EnergisaSulSudeste_180225\backup\Reguladores_Bragantina_20250522_215020_20250522_215021\Reguladores_Bragantina_20250522_215020_20250522_215021_20250522_215024.prj
2025-05-22 21:50:24 - CRIADO: C:\BKPS Elipse\ESS\EnergisaSulSudeste_180225\backup\Reguladores_Bragantina_20250522_215020_20250522_215021\Reguladores_Bragantina_20250522_215020_20250522_215021_20250522_215024.prj | Usuário: casm
2025-05-22 21:50:24 - Backup criado: C:\BKPS Elipse\ESS\EnergisaSulSudeste_180225\backup\Reguladores_Bragantina_20250522_215020_20250522_215021_20250522_215024\Reguladores_Bragantina_20250522_215020_20250522_215021_20250522_215024_20250522_215024.prj
2025-05-22 21:50:24 - CRIADO: C:\BKPS Elipse\ESS\EnergisaSulSudeste_180225\backup\Reguladores_Bragantina_20250522_215020_20250522_215021_20250522_215024\Reguladores_Bragantina_20250522_215020_20250522_215021_20250522_215024_20250522_215024.prj | Usuário: casm
2025-05-22 21:50:25 - Backup criado: C:\BKPS Elipse\ESS\EnergisaSulSudeste_180225\backup\Reguladores_Bragantina_20250522_215020_20250522_215021_20250522_215024_20250522_215024\Reguladores_Bragantina_20250522_215020_20250522_215021_20250522_215024_20250522_215024_20250522_215024.prj
2025-05-22 21:50:25 - CRIADO: C:\BKPS Elipse\ESS\EnergisaSulSudeste_180225\backup\Reguladores_Bragantina_20250522_215020_20250522_215021_20250522_215024_20250522_215024\Reguladores_Bragantina_20250522_215020_20250522_215021_20250522_215024_20250522_215024_20250522_215024.prj | Usuário: casm
2025-05-22 21:50:25 - Erro ao criar backup de C:\BKPS Elipse\ESS\EnergisaSulSudeste_180225\backup\Reguladores_Bragantina_20250522_215020_20250522_215021_20250522_215024_20250522_215024\Reguladores_Bragantina_20250522_215020_20250522_215021_20250522_215024_20250522_215024_20250522_215024.prj: [WinError 3] O sistema não pode encontrar o caminho especificado
2025-05-22 21:50:25 - MODIFICADO: C:\BKPS Elipse\ESS\EnergisaSulSudeste_180225\backup\Reguladores_Bragantina_20250522_215020_20250522_215021\Reguladores_Bragantina_20250522_215020_20250522_215021_20250522_215021.prj | Usuário: casm
2025-05-22 21:50:25 - Backup criado: C:\BKPS Elipse\ESS\EnergisaSulSudeste_180225\backup\Reguladores_Bragantina_20250522_215020_20250522_215021_20250522_215021\Reguladores_Bragantina_20250522_215020_20250522_215021_20250522_215021_20250522_215025.prj
2025-05-22 21:50:25 - CRIADO: C:\BKPS Elipse\ESS\EnergisaSulSudeste_180225\backup\Reguladores_Bragantina_20250522_215020_20250522_215021_20250522_215021\Reguladores_Bragantina_20250522_215020_20250522_215021_20250522_215021_20250522_215025.prj | Usuário: casm
2025-05-22 21:50:25 - Backup criado: C:\BKPS Elipse\ESS\EnergisaSulSudeste_180225\backup\Reguladores_Bragantina_20250522_215020_20250522_215021_20250522_215021_20250522_215025\Reguladores_Bragantina_20250522_215020_20250522_215021_20250522_215021_20250522_215025_20250522_215025.prj
2025-05-22 21:50:25 - CRIADO: C:\BKPS Elipse\ESS\EnergisaSulSudeste_180225\backup\Reguladores_Bragantina_20250522_215020_20250522_215021_20250522_215021_20250522_215025\Reguladores_Bragantina_20250522_215020_20250522_215021_20250522_215021_20250522_215025_20250522_215025.prj | Usuário: casm
2025-05-22 21:50:25 - Erro ao criar backup de C:\BKPS Elipse\ESS\EnergisaSulSudeste_180225\backup\Reguladores_Bragantina_20250522_215020_20250522_215021_20250522_215021_20250522_215025\Reguladores_Bragantina_20250522_215020_20250522_215021_20250522_215021_20250522_215025_20250522_215025.prj: [WinError 3] O sistema não pode encontrar o caminho especificado
2025-05-22 21:50:25 - MODIFICADO: C:\BKPS Elipse\ESS\EnergisaSulSudeste_180225\backup\Reguladores_Bragantina_20250522_215020_20250522_215021_20250522_215021\Reguladores_Bragantina_20250522_215020_20250522_215021_20250522_215021_20250522_215021.prj | Usuário: casm
2025-05-22 21:50:26 - Backup criado: C:\BKPS Elipse\ESS\EnergisaSulSudeste_180225\backup\Reguladores_Bragantina_20250522_215020_20250522_215021_20250522_215021_20250522_215021\Reguladores_Bragantina_20250522_215020_20250522_215021_20250522_215021_20250522_215021_20250522_215025.prj
2025-05-22 21:50:26 - CRIADO: C:\BKPS Elipse\ESS\EnergisaSulSudeste_180225\backup\Reguladores_Bragantina_20250522_215020_20250522_215021_20250522_215021_20250522_215021\Reguladores_Bragantina_20250522_215020_20250522_215021_20250522_215021_20250522_215021_20250522_215025.prj | Usuário: casm
2025-05-22 21:50:26 - Erro ao criar backup de C:\BKPS Elipse\ESS\EnergisaSulSudeste_180225\backup\Reguladores_Bragantina_20250522_215020_20250522_215021_20250522_215021_20250522_215021\Reguladores_Bragantina_20250522_215020_20250522_215021_20250522_215021_20250522_215021_20250522_215025.prj: [WinError 3] O sistema não pode encontrar o caminho especificado
2025-05-22 21:50:26 - MODIFICADO: C:\BKPS Elipse\ESS\EnergisaSulSudeste_180225\backup\Reguladores_Bragantina_20250522_215020_20250522_215021_20250522_215021_20250522_215021\Reguladores_Bragantina_20250522_215020_20250522_215021_20250522_215021_20250522_215021_20250522_215021.prj | Usuário: casm
2025-05-22 21:50:26 - Erro ao criar backup de C:\BKPS Elipse\ESS\EnergisaSulSudeste_180225\backup\Reguladores_Bragantina_20250522_215020_20250522_215021_20250522_215021_20250522_215021\Reguladores_Bragantina_20250522_215020_20250522_215021_20250522_215021_20250522_215021_20250522_215021.prj: [WinError 3] O sistema não pode encontrar o caminho especificado
2025-05-22 21:50:27 - MODIFICADO: C:\BKPS Elipse\ESS\EnergisaSulSudeste_180225\backup\Reguladores_Bragantina\Reguladores_Bragantina_20250522_215021.prj | Usuário: casm
2025-05-22 21:50:27 - Backup criado: C:\BKPS Elipse\ESS\EnergisaSulSudeste_180225\backup\Reguladores_Bragantina_20250522_215021\Reguladores_Bragantina_20250522_215021_20250522_215027.prj
2025-05-22 21:50:27 - CRIADO: C:\BKPS Elipse\ESS\EnergisaSulSudeste_180225\backup\Reguladores_Bragantina_20250522_215021\Reguladores_Bragantina_20250522_215021_20250522_215027.prj | Usuário: casm
2025-05-22 21:50:27 - Backup criado: C:\BKPS Elipse\ESS\EnergisaSulSudeste_180225\backup\Reguladores_Bragantina_20250522_215021_20250522_215027\Reguladores_Bragantina_20250522_215021_20250522_215027_20250522_215027.prj
2025-05-22 21:50:27 - CRIADO: C:\BKPS Elipse\ESS\EnergisaSulSudeste_180225\backup\Reguladores_Bragantina_20250522_215021_20250522_215027\Reguladores_Bragantina_20250522_215021_20250522_215027_20250522_215027.prj | Usuário: casm
2025-05-22 21:50:27 - Backup criado: C:\BKPS Elipse\ESS\EnergisaSulSudeste_180225\backup\Reguladores_Bragantina_20250522_215021_20250522_215027_20250522_215027\Reguladores_Bragantina_20250522_215021_20250522_215027_20250522_215027_20250522_215027.prj
2025-05-22 21:50:27 - CRIADO: C:\BKPS Elipse\ESS\EnergisaSulSudeste_180225\backup\Reguladores_Bragantina_20250522_215021_20250522_215027_20250522_215027\Reguladores_Bragantina_20250522_215021_20250522_215027_20250522_215027_20250522_215027.prj | Usuário: casm
2025-05-22 21:50:27 - Backup criado: C:\BKPS Elipse\ESS\EnergisaSulSudeste_180225\backup\Reguladores_Bragantina_20250522_215021_20250522_215027_20250522_215027_20250522_215027\Reguladores_Bragantina_20250522_215021_20250522_215027_20250522_215027_20250522_215027_20250522_215027.prj
2025-05-22 21:50:27 - CRIADO: C:\BKPS Elipse\ESS\EnergisaSulSudeste_180225\backup\Reguladores_Bragantina_20250522_215021_20250522_215027_20250522_215027_20250522_215027\Reguladores_Bragantina_20250522_215021_20250522_215027_20250522_215027_20250522_215027_20250522_215027.prj | Usuário: casm
2025-05-22 21:50:27 - Erro ao criar backup de C:\BKPS Elipse\ESS\EnergisaSulSudeste_180225\backup\Reguladores_Bragantina_20250522_215021_20250522_215027_20250522_215027_20250522_215027\Reguladores_Bragantina_20250522_215021_20250522_215027_20250522_215027_20250522_215027_20250522_215027.prj: [WinError 3] O sistema não pode encontrar o caminho especificado
2025-05-22 21:50:27 - MODIFICADO: C:\BKPS Elipse\ESS\EnergisaSulSudeste_180225\backup\Reguladores_Bragantina_20250522_215021\Reguladores_Bragantina_20250522_215021_20250522_215021.prj | Usuário: casm
2025-05-22 21:50:27 - Backup criado: C:\BKPS Elipse\ESS\EnergisaSulSudeste_180225\backup\Reguladores_Bragantina_20250522_215021_20250522_215021\Reguladores_Bragantina_20250522_215021_20250522_215021_20250522_215027.prj
2025-05-22 21:50:27 - CRIADO: C:\BKPS Elipse\ESS\EnergisaSulSudeste_180225\backup\Reguladores_Bragantina_20250522_215021_20250522_215021\Reguladores_Bragantina_20250522_215021_20250522_215021_20250522_215027.prj | Usuário: casm
2025-05-22 21:50:27 - Backup criado: C:\BKPS Elipse\ESS\EnergisaSulSudeste_180225\backup\Reguladores_Bragantina_20250522_215021_20250522_215021_20250522_215027\Reguladores_Bragantina_20250522_215021_20250522_215021_20250522_215027_20250522_215027.prj
2025-05-22 21:50:27 - CRIADO: C:\BKPS Elipse\ESS\EnergisaSulSudeste_180225\backup\Reguladores_Bragantina_20250522_215021_20250522_215021_20250522_215027\Reguladores_Bragantina_20250522_215021_20250522_215021_20250522_215027_20250522_215027.prj | Usuário: casm
2025-05-22 21:50:27 - Backup criado: C:\BKPS Elipse\ESS\EnergisaSulSudeste_180225\backup\Reguladores_Bragantina_20250522_215021_20250522_215021_20250522_215027_20250522_215027\Reguladores_Bragantina_20250522_215021_20250522_215021_20250522_215027_20250522_215027_20250522_215027.prj
2025-05-22 21:50:27 - CRIADO: C:\BKPS Elipse\ESS\EnergisaSulSudeste_180225\backup\Reguladores_Bragantina_20250522_215021_20250522_215021_20250522_215027_20250522_215027\Reguladores_Bragantina_20250522_215021_20250522_215021_20250522_215027_20250522_215027_20250522_215027.prj | Usuário: casm
2025-05-22 21:50:27 - Erro ao criar backup de C:\BKPS Elipse\ESS\EnergisaSulSudeste_180225\backup\Reguladores_Bragantina_20250522_215021_20250522_215021_20250522_215027_20250522_215027\Reguladores_Bragantina_20250522_215021_20250522_215021_20250522_215027_20250522_215027_20250522_215027.prj: [WinError 3] O sistema não pode encontrar o caminho especificado
2025-05-22 21:50:28 - MODIFICADO: C:\BKPS Elipse\ESS\EnergisaSulSudeste_180225\backup\Reguladores_Bragantina_20250522_215021_20250522_215021\Reguladores_Bragantina_20250522_215021_20250522_215021_20250522_215021.prj | Usuário: casm
2025-05-22 21:50:28 - Backup criado: C:\BKPS Elipse\ESS\EnergisaSulSudeste_180225\backup\Reguladores_Bragantina_20250522_215021_20250522_215021_20250522_215021\Reguladores_Bragantina_20250522_215021_20250522_215021_20250522_215021_20250522_215028.prj
2025-05-22 21:50:28 - CRIADO: C:\BKPS Elipse\ESS\EnergisaSulSudeste_180225\backup\Reguladores_Bragantina_20250522_215021_20250522_215021_20250522_215021\Reguladores_Bragantina_20250522_215021_20250522_215021_20250522_215021_20250522_215028.prj | Usuário: casm
2025-05-22 21:50:28 - Backup criado: C:\BKPS Elipse\ESS\EnergisaSulSudeste_180225\backup\Reguladores_Bragantina_20250522_215021_20250522_215021_20250522_215021_20250522_215028\Reguladores_Bragantina_20250522_215021_20250522_215021_20250522_215021_20250522_215028_20250522_215028.prj
2025-05-22 21:50:28 - CRIADO: C:\BKPS Elipse\ESS\EnergisaSulSudeste_180225\backup\Reguladores_Bragantina_20250522_215021_20250522_215021_20250522_215021_20250522_215028\Reguladores_Bragantina_20250522_215021_20250522_215021_20250522_215021_20250522_215028_20250522_215028.prj | Usuário: casm
2025-05-22 21:50:28 - Erro ao criar backup de C:\BKPS Elipse\ESS\EnergisaSulSudeste_180225\backup\Reguladores_Bragantina_20250522_215021_20250522_215021_20250522_215021_20250522_215028\Reguladores_Bragantina_20250522_215021_20250522_215021_20250522_215021_20250522_215028_20250522_215028.prj: [WinError 3] O sistema não pode encontrar o caminho especificado
2025-05-22 21:50:28 - MODIFICADO: C:\BKPS Elipse\ESS\EnergisaSulSudeste_180225\backup\Reguladores_Bragantina_20250522_215021_20250522_215021_20250522_215021\Reguladores_Bragantina_20250522_215021_20250522_215021_20250522_215021_20250522_215022.prj | Usuário: casm
2025-05-22 21:50:28 - Backup criado: C:\BKPS Elipse\ESS\EnergisaSulSudeste_180225\backup\Reguladores_Bragantina_20250522_215021_20250522_215021_20250522_215021_20250522_215022\Reguladores_Bragantina_20250522_215021_20250522_215021_20250522_215021_20250522_215022_20250522_215028.prj
2025-05-22 21:50:28 - CRIADO: C:\BKPS Elipse\ESS\EnergisaSulSudeste_180225\backup\Reguladores_Bragantina_20250522_215021_20250522_215021_20250522_215021_20250522_215022\Reguladores_Bragantina_20250522_215021_20250522_215021_20250522_215021_20250522_215022_20250522_215028.prj | Usuário: casm
2025-05-22 21:50:28 - Erro ao criar backup de C:\BKPS Elipse\ESS\EnergisaSulSudeste_180225\backup\Reguladores_Bragantina_20250522_215021_20250522_215021_20250522_215021_20250522_215022\Reguladores_Bragantina_20250522_215021_20250522_215021_20250522_215021_20250522_215022_20250522_215028.prj: [WinError 3] O sistema não pode encontrar o caminho especificado
2025-05-22 21:50:29 - MODIFICADO: C:\BKPS Elipse\ESS\EnergisaSulSudeste_180225\backup\Reguladores_Bragantina_20250522_215021_20250522_215021_20250522_215021_20250522_215022\Reguladores_Bragantina_20250522_215021_20250522_215021_20250522_215021_20250522_215022_20250522_215022.prj | Usuário: casm
2025-05-22 21:50:29 - Erro ao criar backup de C:\BKPS Elipse\ESS\EnergisaSulSudeste_180225\backup\Reguladores_Bragantina_20250522_215021_20250522_215021_20250522_215021_20250522_215022\Reguladores_Bragantina_20250522_215021_20250522_215021_20250522_215021_20250522_215022_20250522_215022.prj: [WinError 3] O sistema não pode encontrar o caminho especificado
2025-05-22 21:50:30 - MODIFICADO: C:\BKPS Elipse\ESS\EnergisaSulSudeste_180225\backup\Reguladores_Bragantina_20250522_215020_20250522_215020\Reguladores_Bragantina_20250522_215020_20250522_215020_20250522_215022.prj | Usuário: casm
2025-05-22 21:50:30 - Backup criado: C:\BKPS Elipse\ESS\EnergisaSulSudeste_180225\backup\Reguladores_Bragantina_20250522_215020_20250522_215020_20250522_215022\Reguladores_Bragantina_20250522_215020_20250522_215020_20250522_215022_20250522_215030.prj
2025-05-22 21:50:30 - CRIADO: C:\BKPS Elipse\ESS\EnergisaSulSudeste_180225\backup\Reguladores_Bragantina_20250522_215020_20250522_215020_20250522_215022\Reguladores_Bragantina_20250522_215020_20250522_215020_20250522_215022_20250522_215030.prj | Usuário: casm
2025-05-22 21:50:30 - Backup criado: C:\BKPS Elipse\ESS\EnergisaSulSudeste_180225\backup\Reguladores_Bragantina_20250522_215020_20250522_215020_20250522_215022_20250522_215030\Reguladores_Bragantina_20250522_215020_20250522_215020_20250522_215022_20250522_215030_20250522_215030.prj
2025-05-22 21:50:30 - CRIADO: C:\BKPS Elipse\ESS\EnergisaSulSudeste_180225\backup\Reguladores_Bragantina_20250522_215020_20250522_215020_20250522_215022_20250522_215030\Reguladores_Bragantina_20250522_215020_20250522_215020_20250522_215022_20250522_215030_20250522_215030.prj | Usuário: casm
2025-05-22 21:50:30 - Erro ao criar backup de C:\BKPS Elipse\ESS\EnergisaSulSudeste_180225\backup\Reguladores_Bragantina_20250522_215020_20250522_215020_20250522_215022_20250522_215030\Reguladores_Bragantina_20250522_215020_20250522_215020_20250522_215022_20250522_215030_20250522_215030.prj: [WinError 3] O sistema não pode encontrar o caminho especificado
2025-05-22 21:50:30 - MODIFICADO: C:\BKPS Elipse\ESS\EnergisaSulSudeste_180225\backup\Reguladores_Bragantina_20250522_215020_20250522_215020_20250522_215022\Reguladores_Bragantina_20250522_215020_20250522_215020_20250522_215022_20250522_215022.prj | Usuário: casm
2025-05-22 21:50:30 - Backup criado: C:\BKPS Elipse\ESS\EnergisaSulSudeste_180225\backup\Reguladores_Bragantina_20250522_215020_20250522_215020_20250522_215022_20250522_215022\Reguladores_Bragantina_20250522_215020_20250522_215020_20250522_215022_20250522_215022_20250522_215030.prj
2025-05-22 21:50:30 - CRIADO: C:\BKPS Elipse\ESS\EnergisaSulSudeste_180225\backup\Reguladores_Bragantina_20250522_215020_20250522_215020_20250522_215022_20250522_215022\Reguladores_Bragantina_20250522_215020_20250522_215020_20250522_215022_20250522_215022_20250522_215030.prj | Usuário: casm
2025-05-22 21:50:30 - Erro ao criar backup de C:\BKPS Elipse\ESS\EnergisaSulSudeste_180225\backup\Reguladores_Bragantina_20250522_215020_20250522_215020_20250522_215022_20250522_215022\Reguladores_Bragantina_20250522_215020_20250522_215020_20250522_215022_20250522_215022_20250522_215030.prj: [WinError 3] O sistema não pode encontrar o caminho especificado
2025-05-22 21:50:31 - MODIFICADO: C:\BKPS Elipse\ESS\EnergisaSulSudeste_180225\backup\Reguladores_Bragantina_20250522_215020_20250522_215020_20250522_215022_20250522_215022\Reguladores_Bragantina_20250522_215020_20250522_215020_20250522_215022_20250522_215022_20250522_215022.prj | Usuário: casm
2025-05-22 21:50:31 - Erro ao criar backup de C:\BKPS Elipse\ESS\EnergisaSulSudeste_180225\backup\Reguladores_Bragantina_20250522_215020_20250522_215020_20250522_215022_20250522_215022\Reguladores_Bragantina_20250522_215020_20250522_215020_20250522_215022_20250522_215022_20250522_215022.prj: [WinError 3] O sistema não pode encontrar o caminho especificado
2025-05-22 21:50:31 - MODIFICADO: C:\BKPS Elipse\ESS\EnergisaSulSudeste_180225\backup\Reguladores_Bragantina_20250522_215020_20250522_215020_20250522_215020\Reguladores_Bragantina_20250522_215020_20250522_215020_20250522_215020_20250522_215023.prj | Usuário: casm
2025-05-22 21:50:31 - Backup criado: C:\BKPS Elipse\ESS\EnergisaSulSudeste_180225\backup\Reguladores_Bragantina_20250522_215020_20250522_215020_20250522_215020_20250522_215023\Reguladores_Bragantina_20250522_215020_20250522_215020_20250522_215020_20250522_215023_20250522_215031.prj
2025-05-22 21:50:31 - CRIADO: C:\BKPS Elipse\ESS\EnergisaSulSudeste_180225\backup\Reguladores_Bragantina_20250522_215020_20250522_215020_20250522_215020_20250522_215023\Reguladores_Bragantina_20250522_215020_20250522_215020_20250522_215020_20250522_215023_20250522_215031.prj | Usuário: casm
2025-05-22 21:50:31 - Erro ao criar backup de C:\BKPS Elipse\ESS\EnergisaSulSudeste_180225\backup\Reguladores_Bragantina_20250522_215020_20250522_215020_20250522_215020_20250522_215023\Reguladores_Bragantina_20250522_215020_20250522_215020_20250522_215020_20250522_215023_20250522_215031.prj: [WinError 3] O sistema não pode encontrar o caminho especificado
2025-05-22 21:50:32 - MODIFICADO: C:\BKPS Elipse\ESS\EnergisaSulSudeste_180225\backup\Reguladores_Bragantina_20250522_215020_20250522_215020_20250522_215020_20250522_215023\Reguladores_Bragantina_20250522_215020_20250522_215020_20250522_215020_20250522_215023_20250522_215023.prj | Usuário: casm
2025-05-22 21:50:32 - Erro ao criar backup de C:\BKPS Elipse\ESS\EnergisaSulSudeste_180225\backup\Reguladores_Bragantina_20250522_215020_20250522_215020_20250522_215020_20250522_215023\Reguladores_Bragantina_20250522_215020_20250522_215020_20250522_215020_20250522_215023_20250522_215023.prj: [WinError 3] O sistema não pode encontrar o caminho especificado
2025-05-22 21:50:32 - MODIFICADO: C:\BKPS Elipse\ESS\EnergisaSulSudeste_180225\backup\Reguladores_Bragantina_20250522_215020_20250522_215020_20250522_215020_20250522_215020\Reguladores_Bragantina_20250522_215020_20250522_215020_20250522_215020_20250522_215020_20250522_215023.prj | Usuário: casm
2025-05-22 21:50:32 - Erro ao criar backup de C:\BKPS Elipse\ESS\EnergisaSulSudeste_180225\backup\Reguladores_Bragantina_20250522_215020_20250522_215020_20250522_215020_20250522_215020\Reguladores_Bragantina_20250522_215020_20250522_215020_20250522_215020_20250522_215020_20250522_215023.prj: [WinError 3] O sistema não pode encontrar o caminho especificado
2025-05-22 21:50:33 - MODIFICADO: C:\BKPS Elipse\ESS\EnergisaSulSudeste_180225\backup\Reguladores_Bragantina_20250522_215020_20250522_215021\Reguladores_Bragantina_20250522_215020_20250522_215021_20250522_215024.prj | Usuário: casm
2025-05-22 21:50:33 - Backup criado: C:\BKPS Elipse\ESS\EnergisaSulSudeste_180225\backup\Reguladores_Bragantina_20250522_215020_20250522_215021_20250522_215024\Reguladores_Bragantina_20250522_215020_20250522_215021_20250522_215024_20250522_215033.prj
2025-05-22 21:50:33 - CRIADO: C:\BKPS Elipse\ESS\EnergisaSulSudeste_180225\backup\Reguladores_Bragantina_20250522_215020_20250522_215021_20250522_215024\Reguladores_Bragantina_20250522_215020_20250522_215021_20250522_215024_20250522_215033.prj | Usuário: casm
2025-05-22 21:50:33 - Backup criado: C:\BKPS Elipse\ESS\EnergisaSulSudeste_180225\backup\Reguladores_Bragantina_20250522_215020_20250522_215021_20250522_215024_20250522_215033\Reguladores_Bragantina_20250522_215020_20250522_215021_20250522_215024_20250522_215033_20250522_215033.prj
2025-05-22 21:50:33 - CRIADO: C:\BKPS Elipse\ESS\EnergisaSulSudeste_180225\backup\Reguladores_Bragantina_20250522_215020_20250522_215021_20250522_215024_20250522_215033\Reguladores_Bragantina_20250522_215020_20250522_215021_20250522_215024_20250522_215033_20250522_215033.prj | Usuário: casm
2025-05-22 21:50:33 - Erro ao criar backup de C:\BKPS Elipse\ESS\EnergisaSulSudeste_180225\backup\Reguladores_Bragantina_20250522_215020_20250522_215021_20250522_215024_20250522_215033\Reguladores_Bragantina_20250522_215020_20250522_215021_20250522_215024_20250522_215033_20250522_215033.prj: [WinError 3] O sistema não pode encontrar o caminho especificado
2025-05-22 21:50:33 - MODIFICADO: C:\BKPS Elipse\ESS\EnergisaSulSudeste_180225\backup\Reguladores_Bragantina_20250522_215020_20250522_215021_20250522_215024\Reguladores_Bragantina_20250522_215020_20250522_215021_20250522_215024_20250522_215024.prj | Usuário: casm
2025-05-22 21:50:33 - Backup criado: C:\BKPS Elipse\ESS\EnergisaSulSudeste_180225\backup\Reguladores_Bragantina_20250522_215020_20250522_215021_20250522_215024_20250522_215024\Reguladores_Bragantina_20250522_215020_20250522_215021_20250522_215024_20250522_215024_20250522_215033.prj
2025-05-22 21:50:33 - CRIADO: C:\BKPS Elipse\ESS\EnergisaSulSudeste_180225\backup\Reguladores_Bragantina_20250522_215020_20250522_215021_20250522_215024_20250522_215024\Reguladores_Bragantina_20250522_215020_20250522_215021_20250522_215024_20250522_215024_20250522_215033.prj | Usuário: casm
2025-05-22 21:50:33 - Erro ao criar backup de C:\BKPS Elipse\ESS\EnergisaSulSudeste_180225\backup\Reguladores_Bragantina_20250522_215020_20250522_215021_20250522_215024_20250522_215024\Reguladores_Bragantina_20250522_215020_20250522_215021_20250522_215024_20250522_215024_20250522_215033.prj: [WinError 3] O sistema não pode encontrar o caminho especificado
2025-05-22 21:50:34 - MODIFICADO: C:\BKPS Elipse\ESS\EnergisaSulSudeste_180225\backup\Reguladores_Bragantina_20250522_215020_20250522_215021_20250522_215024_20250522_215024\Reguladores_Bragantina_20250522_215020_20250522_215021_20250522_215024_20250522_215024_20250522_215024.prj | Usuário: casm
2025-05-22 21:50:34 - Erro ao criar backup de C:\BKPS Elipse\ESS\EnergisaSulSudeste_180225\backup\Reguladores_Bragantina_20250522_215020_20250522_215021_20250522_215024_20250522_215024\Reguladores_Bragantina_20250522_215020_20250522_215021_20250522_215024_20250522_215024_20250522_215024.prj: [WinError 3] O sistema não pode encontrar o caminho especificado
2025-05-22 21:50:34 - MODIFICADO: C:\BKPS Elipse\ESS\EnergisaSulSudeste_180225\backup\Reguladores_Bragantina_20250522_215020_20250522_215021_20250522_215021\Reguladores_Bragantina_20250522_215020_20250522_215021_20250522_215021_20250522_215025.prj | Usuário: casm
2025-05-22 21:50:34 - Backup criado: C:\BKPS Elipse\ESS\EnergisaSulSudeste_180225\backup\Reguladores_Bragantina_20250522_215020_20250522_215021_20250522_215021_20250522_215025\Reguladores_Bragantina_20250522_215020_20250522_215021_20250522_215021_20250522_215025_20250522_215034.prj
2025-05-22 21:50:34 - CRIADO: C:\BKPS Elipse\ESS\EnergisaSulSudeste_180225\backup\Reguladores_Bragantina_20250522_215020_20250522_215021_20250522_215021_20250522_215025\Reguladores_Bragantina_20250522_215020_20250522_215021_20250522_215021_20250522_215025_20250522_215034.prj | Usuário: casm
2025-05-22 21:50:34 - Erro ao criar backup de C:\BKPS Elipse\ESS\EnergisaSulSudeste_180225\backup\Reguladores_Bragantina_20250522_215020_20250522_215021_20250522_215021_20250522_215025\Reguladores_Bragantina_20250522_215020_20250522_215021_20250522_215021_20250522_215025_20250522_215034.prj: [WinError 3] O sistema não pode encontrar o caminho especificado
2025-05-22 21:50:35 - MODIFICADO: C:\BKPS Elipse\ESS\EnergisaSulSudeste_180225\backup\Reguladores_Bragantina_20250522_215020_20250522_215021_20250522_215021_20250522_215025\Reguladores_Bragantina_20250522_215020_20250522_215021_20250522_215021_20250522_215025_20250522_215025.prj | Usuário: casm
2025-05-22 21:50:35 - Erro ao criar backup de C:\BKPS Elipse\ESS\EnergisaSulSudeste_180225\backup\Reguladores_Bragantina_20250522_215020_20250522_215021_20250522_215021_20250522_215025\Reguladores_Bragantina_20250522_215020_20250522_215021_20250522_215021_20250522_215025_20250522_215025.prj: [WinError 3] O sistema não pode encontrar o caminho especificado
2025-05-22 21:50:35 - MODIFICADO: C:\BKPS Elipse\ESS\EnergisaSulSudeste_180225\backup\Reguladores_Bragantina_20250522_215020_20250522_215021_20250522_215021_20250522_215021\Reguladores_Bragantina_20250522_215020_20250522_215021_20250522_215021_20250522_215021_20250522_215025.prj | Usuário: casm
2025-05-22 21:50:35 - Erro ao criar backup de C:\BKPS Elipse\ESS\EnergisaSulSudeste_180225\backup\Reguladores_Bragantina_20250522_215020_20250522_215021_20250522_215021_20250522_215021\Reguladores_Bragantina_20250522_215020_20250522_215021_20250522_215021_20250522_215021_20250522_215025.prj: [WinError 3] O sistema não pode encontrar o caminho especificado
2025-05-22 21:50:36 - MODIFICADO: C:\BKPS Elipse\ESS\EnergisaSulSudeste_180225\backup\Reguladores_Bragantina_20250522_215021\Reguladores_Bragantina_20250522_215021_20250522_215027.prj | Usuário: casm
2025-05-22 21:50:36 - Backup criado: C:\BKPS Elipse\ESS\EnergisaSulSudeste_180225\backup\Reguladores_Bragantina_20250522_215021_20250522_215027\Reguladores_Bragantina_20250522_215021_20250522_215027_20250522_215036.prj
2025-05-22 21:50:36 - CRIADO: C:\BKPS Elipse\ESS\EnergisaSulSudeste_180225\backup\Reguladores_Bragantina_20250522_215021_20250522_215027\Reguladores_Bragantina_20250522_215021_20250522_215027_20250522_215036.prj | Usuário: casm
2025-05-22 21:50:36 - Backup criado: C:\BKPS Elipse\ESS\EnergisaSulSudeste_180225\backup\Reguladores_Bragantina_20250522_215021_20250522_215027_20250522_215036\Reguladores_Bragantina_20250522_215021_20250522_215027_20250522_215036_20250522_215036.prj
2025-05-22 21:50:36 - CRIADO: C:\BKPS Elipse\ESS\EnergisaSulSudeste_180225\backup\Reguladores_Bragantina_20250522_215021_20250522_215027_20250522_215036\Reguladores_Bragantina_20250522_215021_20250522_215027_20250522_215036_20250522_215036.prj | Usuário: casm
2025-05-22 21:50:36 - Backup criado: C:\BKPS Elipse\ESS\EnergisaSulSudeste_180225\backup\Reguladores_Bragantina_20250522_215021_20250522_215027_20250522_215036_20250522_215036\Reguladores_Bragantina_20250522_215021_20250522_215027_20250522_215036_20250522_215036_20250522_215036.prj
2025-05-22 21:50:36 - CRIADO: C:\BKPS Elipse\ESS\EnergisaSulSudeste_180225\backup\Reguladores_Bragantina_20250522_215021_20250522_215027_20250522_215036_20250522_215036\Reguladores_Bragantina_20250522_215021_20250522_215027_20250522_215036_20250522_215036_20250522_215036.prj | Usuário: casm
2025-05-22 21:50:36 - Erro ao criar backup de C:\BKPS Elipse\ESS\EnergisaSulSudeste_180225\backup\Reguladores_Bragantina_20250522_215021_20250522_215027_20250522_215036_20250522_215036\Reguladores_Bragantina_20250522_215021_20250522_215027_20250522_215036_20250522_215036_20250522_215036.prj: [WinError 3] O sistema não pode encontrar o caminho especificado
2025-05-22 21:50:36 - MODIFICADO: C:\BKPS Elipse\ESS\EnergisaSulSudeste_180225\backup\Reguladores_Bragantina_20250522_215021_20250522_215027\Reguladores_Bragantina_20250522_215021_20250522_215027_20250522_215027.prj | Usuário: casm
2025-05-22 21:50:36 - Backup criado: C:\BKPS Elipse\ESS\EnergisaSulSudeste_180225\backup\Reguladores_Bragantina_20250522_215021_20250522_215027_20250522_215027\Reguladores_Bragantina_20250522_215021_20250522_215027_20250522_215027_20250522_215036.prj
2025-05-22 21:50:36 - CRIADO: C:\BKPS Elipse\ESS\EnergisaSulSudeste_180225\backup\Reguladores_Bragantina_20250522_215021_20250522_215027_20250522_215027\Reguladores_Bragantina_20250522_215021_20250522_215027_20250522_215027_20250522_215036.prj | Usuário: casm
2025-05-22 21:50:36 - Backup criado: C:\BKPS Elipse\ESS\EnergisaSulSudeste_180225\backup\Reguladores_Bragantina_20250522_215021_20250522_215027_20250522_215027_20250522_215036\Reguladores_Bragantina_20250522_215021_20250522_215027_20250522_215027_20250522_215036_20250522_215036.prj
2025-05-22 21:50:36 - CRIADO: C:\BKPS Elipse\ESS\EnergisaSulSudeste_180225\backup\Reguladores_Bragantina_20250522_215021_20250522_215027_20250522_215027_20250522_215036\Reguladores_Bragantina_20250522_215021_20250522_215027_20250522_215027_20250522_215036_20250522_215036.prj | Usuário: casm
2025-05-22 21:50:36 - Erro ao criar backup de C:\BKPS Elipse\ESS\EnergisaSulSudeste_180225\backup\Reguladores_Bragantina_20250522_215021_20250522_215027_20250522_215027_20250522_215036\Reguladores_Bragantina_20250522_215021_20250522_215027_20250522_215027_20250522_215036_20250522_215036.prj: [WinError 3] O sistema não pode encontrar o caminho especificado
2025-05-22 21:50:37 - MODIFICADO: C:\BKPS Elipse\ESS\EnergisaSulSudeste_180225\backup\Reguladores_Bragantina_20250522_215021_20250522_215027_20250522_215027\Reguladores_Bragantina_20250522_215021_20250522_215027_20250522_215027_20250522_215027.prj | Usuário: casm
2025-05-22 21:50:37 - Backup criado: C:\BKPS Elipse\ESS\EnergisaSulSudeste_180225\backup\Reguladores_Bragantina_20250522_215021_20250522_215027_20250522_215027_20250522_215027\Reguladores_Bragantina_20250522_215021_20250522_215027_20250522_215027_20250522_215027_20250522_215037.prj
2025-05-22 21:50:37 - CRIADO: C:\BKPS Elipse\ESS\EnergisaSulSudeste_180225\backup\Reguladores_Bragantina_20250522_215021_20250522_215027_20250522_215027_20250522_215027\Reguladores_Bragantina_20250522_215021_20250522_215027_20250522_215027_20250522_215027_20250522_215037.prj | Usuário: casm
2025-05-22 21:50:37 - Erro ao criar backup de C:\BKPS Elipse\ESS\EnergisaSulSudeste_180225\backup\Reguladores_Bragantina_20250522_215021_20250522_215027_20250522_215027_20250522_215027\Reguladores_Bragantina_20250522_215021_20250522_215027_20250522_215027_20250522_215027_20250522_215037.prj: [WinError 3] O sistema não pode encontrar o caminho especificado
2025-05-22 21:50:37 - MODIFICADO: C:\BKPS Elipse\ESS\EnergisaSulSudeste_180225\backup\Reguladores_Bragantina_20250522_215021_20250522_215027_20250522_215027_20250522_215027\Reguladores_Bragantina_20250522_215021_20250522_215027_20250522_215027_20250522_215027_20250522_215027.prj | Usuário: casm
2025-05-22 21:50:37 - Erro ao criar backup de C:\BKPS Elipse\ESS\EnergisaSulSudeste_180225\backup\Reguladores_Bragantina_20250522_215021_20250522_215027_20250522_215027_20250522_215027\Reguladores_Bragantina_20250522_215021_20250522_215027_20250522_215027_20250522_215027_20250522_215027.prj: [WinError 3] O sistema não pode encontrar o caminho especificado
2025-05-22 21:50:38 - MODIFICADO: C:\BKPS Elipse\ESS\EnergisaSulSudeste_180225\backup\Reguladores_Bragantina_20250522_215021_20250522_215021\Reguladores_Bragantina_20250522_215021_20250522_215021_20250522_215027.prj | Usuário: casm
2025-05-22 21:50:38 - Backup criado: C:\BKPS Elipse\ESS\EnergisaSulSudeste_180225\backup\Reguladores_Bragantina_20250522_215021_20250522_215021_20250522_215027\Reguladores_Bragantina_20250522_215021_20250522_215021_20250522_215027_20250522_215038.prj
2025-05-22 21:50:38 - CRIADO: C:\BKPS Elipse\ESS\EnergisaSulSudeste_180225\backup\Reguladores_Bragantina_20250522_215021_20250522_215021_20250522_215027\Reguladores_Bragantina_20250522_215021_20250522_215021_20250522_215027_20250522_215038.prj | Usuário: casm
2025-05-22 21:50:38 - Backup criado: C:\BKPS Elipse\ESS\EnergisaSulSudeste_180225\backup\Reguladores_Bragantina_20250522_215021_20250522_215021_20250522_215027_20250522_215038\Reguladores_Bragantina_20250522_215021_20250522_215021_20250522_215027_20250522_215038_20250522_215038.prj
2025-05-22 21:50:38 - CRIADO: C:\BKPS Elipse\ESS\EnergisaSulSudeste_180225\backup\Reguladores_Bragantina_20250522_215021_20250522_215021_20250522_215027_20250522_215038\Reguladores_Bragantina_20250522_215021_20250522_215021_20250522_215027_20250522_215038_20250522_215038.prj | Usuário: casm
2025-05-22 21:50:38 - Erro ao criar backup de C:\BKPS Elipse\ESS\EnergisaSulSudeste_180225\backup\Reguladores_Bragantina_20250522_215021_20250522_215021_20250522_215027_20250522_215038\Reguladores_Bragantina_20250522_215021_20250522_215021_20250522_215027_20250522_215038_20250522_215038.prj: [WinError 3] O sistema não pode encontrar o caminho especificado
2025-05-22 21:50:38 - MODIFICADO: C:\BKPS Elipse\ESS\EnergisaSulSudeste_180225\backup\Reguladores_Bragantina_20250522_215021_20250522_215021_20250522_215027\Reguladores_Bragantina_20250522_215021_20250522_215021_20250522_215027_20250522_215027.prj | Usuário: casm
2025-05-22 21:50:38 - Backup criado: C:\BKPS Elipse\ESS\EnergisaSulSudeste_180225\backup\Reguladores_Bragantina_20250522_215021_20250522_215021_20250522_215027_20250522_215027\Reguladores_Bragantina_20250522_215021_20250522_215021_20250522_215027_20250522_215027_20250522_215038.prj
2025-05-22 21:50:38 - CRIADO: C:\BKPS Elipse\ESS\EnergisaSulSudeste_180225\backup\Reguladores_Bragantina_20250522_215021_20250522_215021_20250522_215027_20250522_215027\Reguladores_Bragantina_20250522_215021_20250522_215021_20250522_215027_20250522_215027_20250522_215038.prj | Usuário: casm
2025-05-22 21:50:38 - Erro ao criar backup de C:\BKPS Elipse\ESS\EnergisaSulSudeste_180225\backup\Reguladores_Bragantina_20250522_215021_20250522_215021_20250522_215027_20250522_215027\Reguladores_Bragantina_20250522_215021_20250522_215021_20250522_215027_20250522_215027_20250522_215038.prj: [WinError 3] O sistema não pode encontrar o caminho especificado
2025-05-22 21:50:39 - MODIFICADO: C:\BKPS Elipse\ESS\EnergisaSulSudeste_180225\backup\Reguladores_Bragantina_20250522_215021_20250522_215021_20250522_215027_20250522_215027\Reguladores_Bragantina_20250522_215021_20250522_215021_20250522_215027_20250522_215027_20250522_215027.prj | Usuário: casm
2025-05-22 21:50:39 - Erro ao criar backup de C:\BKPS Elipse\ESS\EnergisaSulSudeste_180225\backup\Reguladores_Bragantina_20250522_215021_20250522_215021_20250522_215027_20250522_215027\Reguladores_Bragantina_20250522_215021_20250522_215021_20250522_215027_20250522_215027_20250522_215027.prj: [WinError 3] O sistema não pode encontrar o caminho especificado
2025-05-22 21:50:39 - MODIFICADO: C:\BKPS Elipse\ESS\EnergisaSulSudeste_180225\backup\Reguladores_Bragantina_20250522_215021_20250522_215021_20250522_215021\Reguladores_Bragantina_20250522_215021_20250522_215021_20250522_215021_20250522_215028.prj | Usuário: casm
2025-05-22 21:50:39 - Backup criado: C:\BKPS Elipse\ESS\EnergisaSulSudeste_180225\backup\Reguladores_Bragantina_20250522_215021_20250522_215021_20250522_215021_20250522_215028\Reguladores_Bragantina_20250522_215021_20250522_215021_20250522_215021_20250522_215028_20250522_215039.prj
2025-05-22 21:50:39 - CRIADO: C:\BKPS Elipse\ESS\EnergisaSulSudeste_180225\backup\Reguladores_Bragantina_20250522_215021_20250522_215021_20250522_215021_20250522_215028\Reguladores_Bragantina_20250522_215021_20250522_215021_20250522_215021_20250522_215028_20250522_215039.prj | Usuário: casm
2025-05-22 21:50:39 - Erro ao criar backup de C:\BKPS Elipse\ESS\EnergisaSulSudeste_180225\backup\Reguladores_Bragantina_20250522_215021_20250522_215021_20250522_215021_20250522_215028\Reguladores_Bragantina_20250522_215021_20250522_215021_20250522_215021_20250522_215028_20250522_215039.prj: [WinError 3] O sistema não pode encontrar o caminho especificado
2025-05-22 21:50:40 - MODIFICADO: C:\BKPS Elipse\ESS\EnergisaSulSudeste_180225\backup\Reguladores_Bragantina_20250522_215021_20250522_215021_20250522_215021_20250522_215028\Reguladores_Bragantina_20250522_215021_20250522_215021_20250522_215021_20250522_215028_20250522_215028.prj | Usuário: casm
2025-05-22 21:50:40 - Erro ao criar backup de C:\BKPS Elipse\ESS\EnergisaSulSudeste_180225\backup\Reguladores_Bragantina_20250522_215021_20250522_215021_20250522_215021_20250522_215028\Reguladores_Bragantina_20250522_215021_20250522_215021_20250522_215021_20250522_215028_20250522_215028.prj: [WinError 3] O sistema não pode encontrar o caminho especificado
2025-05-22 21:50:40 - MODIFICADO: C:\BKPS Elipse\ESS\EnergisaSulSudeste_180225\backup\Reguladores_Bragantina_20250522_215021_20250522_215021_20250522_215021_20250522_215022\Reguladores_Bragantina_20250522_215021_20250522_215021_20250522_215021_20250522_215022_20250522_215028.prj | Usuário: casm
2025-05-22 21:50:40 - Erro ao criar backup de C:\BKPS Elipse\ESS\EnergisaSulSudeste_180225\backup\Reguladores_Bragantina_20250522_215021_20250522_215021_20250522_215021_20250522_215022\Reguladores_Bragantina_20250522_215021_20250522_215021_20250522_215021_20250522_215022_20250522_215028.prj: [WinError 3] O sistema não pode encontrar o caminho especificado
2025-05-22 21:50:41 - MODIFICADO: C:\BKPS Elipse\ESS\EnergisaSulSudeste_180225\backup\Reguladores_Bragantina_20250522_215020_20250522_215020_20250522_215022\Reguladores_Bragantina_20250522_215020_20250522_215020_20250522_215022_20250522_215030.prj | Usuário: casm
2025-05-22 21:50:41 - Backup criado: C:\BKPS Elipse\ESS\EnergisaSulSudeste_180225\backup\Reguladores_Bragantina_20250522_215020_20250522_215020_20250522_215022_20250522_215030\Reguladores_Bragantina_20250522_215020_20250522_215020_20250522_215022_20250522_215030_20250522_215041.prj
2025-05-22 21:50:41 - CRIADO: C:\BKPS Elipse\ESS\EnergisaSulSudeste_180225\backup\Reguladores_Bragantina_20250522_215020_20250522_215020_20250522_215022_20250522_215030\Reguladores_Bragantina_20250522_215020_20250522_215020_20250522_215022_20250522_215030_20250522_215041.prj | Usuário: casm
2025-05-22 21:50:41 - Erro ao criar backup de C:\BKPS Elipse\ESS\EnergisaSulSudeste_180225\backup\Reguladores_Bragantina_20250522_215020_20250522_215020_20250522_215022_20250522_215030\Reguladores_Bragantina_20250522_215020_20250522_215020_20250522_215022_20250522_215030_20250522_215041.prj: [WinError 3] O sistema não pode encontrar o caminho especificado
2025-05-22 21:50:41 - MODIFICADO: C:\BKPS Elipse\ESS\EnergisaSulSudeste_180225\backup\Reguladores_Bragantina_20250522_215020_20250522_215020_20250522_215022_20250522_215030\Reguladores_Bragantina_20250522_215020_20250522_215020_20250522_215022_20250522_215030_20250522_215030.prj | Usuário: casm
2025-05-22 21:50:41 - Erro ao criar backup de C:\BKPS Elipse\ESS\EnergisaSulSudeste_180225\backup\Reguladores_Bragantina_20250522_215020_20250522_215020_20250522_215022_20250522_215030\Reguladores_Bragantina_20250522_215020_20250522_215020_20250522_215022_20250522_215030_20250522_215030.prj: [WinError 3] O sistema não pode encontrar o caminho especificado
2025-05-22 21:50:42 - MODIFICADO: C:\BKPS Elipse\ESS\EnergisaSulSudeste_180225\backup\Reguladores_Bragantina_20250522_215020_20250522_215020_20250522_215022_20250522_215022\Reguladores_Bragantina_20250522_215020_20250522_215020_20250522_215022_20250522_215022_20250522_215030.prj | Usuário: casm
2025-05-22 21:50:42 - Erro ao criar backup de C:\BKPS Elipse\ESS\EnergisaSulSudeste_180225\backup\Reguladores_Bragantina_20250522_215020_20250522_215020_20250522_215022_20250522_215022\Reguladores_Bragantina_20250522_215020_20250522_215020_20250522_215022_20250522_215022_20250522_215030.prj: [WinError 3] O sistema não pode encontrar o caminho especificado
2025-05-22 21:50:42 - MODIFICADO: C:\BKPS Elipse\ESS\EnergisaSulSudeste_180225\backup\Reguladores_Bragantina_20250522_215020_20250522_215020_20250522_215020_20250522_215023\Reguladores_Bragantina_20250522_215020_20250522_215020_20250522_215020_20250522_215023_20250522_215031.prj | Usuário: casm
2025-05-22 21:50:42 - Erro ao criar backup de C:\BKPS Elipse\ESS\EnergisaSulSudeste_180225\backup\Reguladores_Bragantina_20250522_215020_20250522_215020_20250522_215020_20250522_215023\Reguladores_Bragantina_20250522_215020_20250522_215020_20250522_215020_20250522_215023_20250522_215031.prj: [WinError 3] O sistema não pode encontrar o caminho especificado
2025-05-22 21:50:43 - MODIFICADO: C:\BKPS Elipse\ESS\EnergisaSulSudeste_180225\backup\Reguladores_Bragantina_20250522_215020_20250522_215021_20250522_215024\Reguladores_Bragantina_20250522_215020_20250522_215021_20250522_215024_20250522_215033.prj | Usuário: casm
2025-05-22 21:50:43 - Backup criado: C:\BKPS Elipse\ESS\EnergisaSulSudeste_180225\backup\Reguladores_Bragantina_20250522_215020_20250522_215021_20250522_215024_20250522_215033\Reguladores_Bragantina_20250522_215020_20250522_215021_20250522_215024_20250522_215033_20250522_215043.prj
2025-05-22 21:50:43 - CRIADO: C:\BKPS Elipse\ESS\EnergisaSulSudeste_180225\backup\Reguladores_Bragantina_20250522_215020_20250522_215021_20250522_215024_20250522_215033\Reguladores_Bragantina_20250522_215020_20250522_215021_20250522_215024_20250522_215033_20250522_215043.prj | Usuário: casm
2025-05-22 21:50:43 - Erro ao criar backup de C:\BKPS Elipse\ESS\EnergisaSulSudeste_180225\backup\Reguladores_Bragantina_20250522_215020_20250522_215021_20250522_215024_20250522_215033\Reguladores_Bragantina_20250522_215020_20250522_215021_20250522_215024_20250522_215033_20250522_215043.prj: [WinError 3] O sistema não pode encontrar o caminho especificado
2025-05-22 21:50:43 - MODIFICADO: C:\BKPS Elipse\ESS\EnergisaSulSudeste_180225\backup\Reguladores_Bragantina_20250522_215020_20250522_215021_20250522_215024_20250522_215033\Reguladores_Bragantina_20250522_215020_20250522_215021_20250522_215024_20250522_215033_20250522_215033.prj | Usuário: casm
2025-05-22 21:50:43 - Erro ao criar backup de C:\BKPS Elipse\ESS\EnergisaSulSudeste_180225\backup\Reguladores_Bragantina_20250522_215020_20250522_215021_20250522_215024_20250522_215033\Reguladores_Bragantina_20250522_215020_20250522_215021_20250522_215024_20250522_215033_20250522_215033.prj: [WinError 3] O sistema não pode encontrar o caminho especificado
2025-05-22 21:50:44 - MODIFICADO: C:\BKPS Elipse\ESS\EnergisaSulSudeste_180225\backup\Reguladores_Bragantina_20250522_215020_20250522_215021_20250522_215024_20250522_215024\Reguladores_Bragantina_20250522_215020_20250522_215021_20250522_215024_20250522_215024_20250522_215033.prj | Usuário: casm
2025-05-22 21:50:44 - Erro ao criar backup de C:\BKPS Elipse\ESS\EnergisaSulSudeste_180225\backup\Reguladores_Bragantina_20250522_215020_20250522_215021_20250522_215024_20250522_215024\Reguladores_Bragantina_20250522_215020_20250522_215021_20250522_215024_20250522_215024_20250522_215033.prj: [WinError 3] O sistema não pode encontrar o caminho especificado
2025-05-22 21:50:44 - MODIFICADO: C:\BKPS Elipse\ESS\EnergisaSulSudeste_180225\backup\Reguladores_Bragantina_20250522_215020_20250522_215021_20250522_215021_20250522_215025\Reguladores_Bragantina_20250522_215020_20250522_215021_20250522_215021_20250522_215025_20250522_215034.prj | Usuário: casm
2025-05-22 21:50:44 - Erro ao criar backup de C:\BKPS Elipse\ESS\EnergisaSulSudeste_180225\backup\Reguladores_Bragantina_20250522_215020_20250522_215021_20250522_215021_20250522_215025\Reguladores_Bragantina_20250522_215020_20250522_215021_20250522_215021_20250522_215025_20250522_215034.prj: [WinError 3] O sistema não pode encontrar o caminho especificado
2025-05-22 21:50:45 - MODIFICADO: C:\BKPS Elipse\ESS\EnergisaSulSudeste_180225\backup\Reguladores_Bragantina_20250522_215021_20250522_215027\Reguladores_Bragantina_20250522_215021_20250522_215027_20250522_215036.prj | Usuário: casm
2025-05-22 21:50:45 - Backup criado: C:\BKPS Elipse\ESS\EnergisaSulSudeste_180225\backup\Reguladores_Bragantina_20250522_215021_20250522_215027_20250522_215036\Reguladores_Bragantina_20250522_215021_20250522_215027_20250522_215036_20250522_215045.prj
2025-05-22 21:50:45 - CRIADO: C:\BKPS Elipse\ESS\EnergisaSulSudeste_180225\backup\Reguladores_Bragantina_20250522_215021_20250522_215027_20250522_215036\Reguladores_Bragantina_20250522_215021_20250522_215027_20250522_215036_20250522_215045.prj | Usuário: casm
2025-05-22 21:50:45 - Backup criado: C:\BKPS Elipse\ESS\EnergisaSulSudeste_180225\backup\Reguladores_Bragantina_20250522_215021_20250522_215027_20250522_215036_20250522_215045\Reguladores_Bragantina_20250522_215021_20250522_215027_20250522_215036_20250522_215045_20250522_215045.prj
2025-05-22 21:50:45 - CRIADO: C:\BKPS Elipse\ESS\EnergisaSulSudeste_180225\backup\Reguladores_Bragantina_20250522_215021_20250522_215027_20250522_215036_20250522_215045\Reguladores_Bragantina_20250522_215021_20250522_215027_20250522_215036_20250522_215045_20250522_215045.prj | Usuário: casm
2025-05-22 21:50:45 - Erro ao criar backup de C:\BKPS Elipse\ESS\EnergisaSulSudeste_180225\backup\Reguladores_Bragantina_20250522_215021_20250522_215027_20250522_215036_20250522_215045\Reguladores_Bragantina_20250522_215021_20250522_215027_20250522_215036_20250522_215045_20250522_215045.prj: [WinError 3] O sistema não pode encontrar o caminho especificado
2025-05-22 21:50:45 - MODIFICADO: C:\BKPS Elipse\ESS\EnergisaSulSudeste_180225\backup\Reguladores_Bragantina_20250522_215021_20250522_215027_20250522_215036\Reguladores_Bragantina_20250522_215021_20250522_215027_20250522_215036_20250522_215036.prj | Usuário: casm
2025-05-22 21:50:45 - Backup criado: C:\BKPS Elipse\ESS\EnergisaSulSudeste_180225\backup\Reguladores_Bragantina_20250522_215021_20250522_215027_20250522_215036_20250522_215036\Reguladores_Bragantina_20250522_215021_20250522_215027_20250522_215036_20250522_215036_20250522_215045.prj
2025-05-22 21:50:45 - CRIADO: C:\BKPS Elipse\ESS\EnergisaSulSudeste_180225\backup\Reguladores_Bragantina_20250522_215021_20250522_215027_20250522_215036_20250522_215036\Reguladores_Bragantina_20250522_215021_20250522_215027_20250522_215036_20250522_215036_20250522_215045.prj | Usuário: casm
2025-05-22 21:50:45 - Erro ao criar backup de C:\BKPS Elipse\ESS\EnergisaSulSudeste_180225\backup\Reguladores_Bragantina_20250522_215021_20250522_215027_20250522_215036_20250522_215036\Reguladores_Bragantina_20250522_215021_20250522_215027_20250522_215036_20250522_215036_20250522_215045.prj: [WinError 3] O sistema não pode encontrar o caminho especificado
2025-05-22 21:50:46 - MODIFICADO: C:\BKPS Elipse\ESS\EnergisaSulSudeste_180225\backup\Reguladores_Bragantina_20250522_215021_20250522_215027_20250522_215036_20250522_215036\Reguladores_Bragantina_20250522_215021_20250522_215027_20250522_215036_20250522_215036_20250522_215036.prj | Usuário: casm
2025-05-22 21:50:46 - Erro ao criar backup de C:\BKPS Elipse\ESS\EnergisaSulSudeste_180225\backup\Reguladores_Bragantina_20250522_215021_20250522_215027_20250522_215036_20250522_215036\Reguladores_Bragantina_20250522_215021_20250522_215027_20250522_215036_20250522_215036_20250522_215036.prj: [WinError 3] O sistema não pode encontrar o caminho especificado
2025-05-22 21:50:46 - MODIFICADO: C:\BKPS Elipse\ESS\EnergisaSulSudeste_180225\backup\Reguladores_Bragantina_20250522_215021_20250522_215027_20250522_215027\Reguladores_Bragantina_20250522_215021_20250522_215027_20250522_215027_20250522_215036.prj | Usuário: casm
2025-05-22 21:50:46 - Backup criado: C:\BKPS Elipse\ESS\EnergisaSulSudeste_180225\backup\Reguladores_Bragantina_20250522_215021_20250522_215027_20250522_215027_20250522_215036\Reguladores_Bragantina_20250522_215021_20250522_215027_20250522_215027_20250522_215036_20250522_215046.prj
2025-05-22 21:50:46 - CRIADO: C:\BKPS Elipse\ESS\EnergisaSulSudeste_180225\backup\Reguladores_Bragantina_20250522_215021_20250522_215027_20250522_215027_20250522_215036\Reguladores_Bragantina_20250522_215021_20250522_215027_20250522_215027_20250522_215036_20250522_215046.prj | Usuário: casm
2025-05-22 21:50:46 - Erro ao criar backup de C:\BKPS Elipse\ESS\EnergisaSulSudeste_180225\backup\Reguladores_Bragantina_20250522_215021_20250522_215027_20250522_215027_20250522_215036\Reguladores_Bragantina_20250522_215021_20250522_215027_20250522_215027_20250522_215036_20250522_215046.prj: [WinError 3] O sistema não pode encontrar o caminho especificado
2025-05-22 21:50:47 - MODIFICADO: C:\BKPS Elipse\ESS\EnergisaSulSudeste_180225\backup\Reguladores_Bragantina_20250522_215021_20250522_215027_20250522_215027_20250522_215036\Reguladores_Bragantina_20250522_215021_20250522_215027_20250522_215027_20250522_215036_20250522_215036.prj | Usuário: casm
2025-05-22 21:50:47 - Erro ao criar backup de C:\BKPS Elipse\ESS\EnergisaSulSudeste_180225\backup\Reguladores_Bragantina_20250522_215021_20250522_215027_20250522_215027_20250522_215036\Reguladores_Bragantina_20250522_215021_20250522_215027_20250522_215027_20250522_215036_20250522_215036.prj: [WinError 3] O sistema não pode encontrar o caminho especificado
2025-05-22 21:50:47 - MODIFICADO: C:\BKPS Elipse\ESS\EnergisaSulSudeste_180225\backup\Reguladores_Bragantina_20250522_215021_20250522_215027_20250522_215027_20250522_215027\Reguladores_Bragantina_20250522_215021_20250522_215027_20250522_215027_20250522_215027_20250522_215037.prj | Usuário: casm
2025-05-22 21:50:47 - Erro ao criar backup de C:\BKPS Elipse\ESS\EnergisaSulSudeste_180225\backup\Reguladores_Bragantina_20250522_215021_20250522_215027_20250522_215027_20250522_215027\Reguladores_Bragantina_20250522_215021_20250522_215027_20250522_215027_20250522_215027_20250522_215037.prj: [WinError 3] O sistema não pode encontrar o caminho especificado
2025-05-22 21:50:48 - MODIFICADO: C:\BKPS Elipse\ESS\EnergisaSulSudeste_180225\backup\Reguladores_Bragantina_20250522_215021_20250522_215021_20250522_215027\Reguladores_Bragantina_20250522_215021_20250522_215021_20250522_215027_20250522_215038.prj | Usuário: casm
2025-05-22 21:50:48 - Backup criado: C:\BKPS Elipse\ESS\EnergisaSulSudeste_180225\backup\Reguladores_Bragantina_20250522_215021_20250522_215021_20250522_215027_20250522_215038\Reguladores_Bragantina_20250522_215021_20250522_215021_20250522_215027_20250522_215038_20250522_215048.prj
2025-05-22 21:50:48 - CRIADO: C:\BKPS Elipse\ESS\EnergisaSulSudeste_180225\backup\Reguladores_Bragantina_20250522_215021_20250522_215021_20250522_215027_20250522_215038\Reguladores_Bragantina_20250522_215021_20250522_215021_20250522_215027_20250522_215038_20250522_215048.prj | Usuário: casm
2025-05-22 21:50:48 - Erro ao criar backup de C:\BKPS Elipse\ESS\EnergisaSulSudeste_180225\backup\Reguladores_Bragantina_20250522_215021_20250522_215021_20250522_215027_20250522_215038\Reguladores_Bragantina_20250522_215021_20250522_215021_20250522_215027_20250522_215038_20250522_215048.prj: [WinError 3] O sistema não pode encontrar o caminho especificado
2025-05-22 21:50:48 - MODIFICADO: C:\BKPS Elipse\ESS\EnergisaSulSudeste_180225\backup\Reguladores_Bragantina_20250522_215021_20250522_215021_20250522_215027_20250522_215038\Reguladores_Bragantina_20250522_215021_20250522_215021_20250522_215027_20250522_215038_20250522_215038.prj | Usuário: casm
2025-05-22 21:50:48 - Erro ao criar backup de C:\BKPS Elipse\ESS\EnergisaSulSudeste_180225\backup\Reguladores_Bragantina_20250522_215021_20250522_215021_20250522_215027_20250522_215038\Reguladores_Bragantina_20250522_215021_20250522_215021_20250522_215027_20250522_215038_20250522_215038.prj: [WinError 3] O sistema não pode encontrar o caminho especificado
2025-05-22 21:50:49 - MODIFICADO: C:\BKPS Elipse\ESS\EnergisaSulSudeste_180225\backup\Reguladores_Bragantina_20250522_215021_20250522_215021_20250522_215027_20250522_215027\Reguladores_Bragantina_20250522_215021_20250522_215021_20250522_215027_20250522_215027_20250522_215038.prj | Usuário: casm
2025-05-22 21:50:49 - Erro ao criar backup de C:\BKPS Elipse\ESS\EnergisaSulSudeste_180225\backup\Reguladores_Bragantina_20250522_215021_20250522_215021_20250522_215027_20250522_215027\Reguladores_Bragantina_20250522_215021_20250522_215021_20250522_215027_20250522_215027_20250522_215038.prj: [WinError 3] O sistema não pode encontrar o caminho especificado
2025-05-22 21:50:49 - MODIFICADO: C:\BKPS Elipse\ESS\EnergisaSulSudeste_180225\backup\Reguladores_Bragantina_20250522_215021_20250522_215021_20250522_215021_20250522_215028\Reguladores_Bragantina_20250522_215021_20250522_215021_20250522_215021_20250522_215028_20250522_215039.prj | Usuário: casm
2025-05-22 21:50:49 - Erro ao criar backup de C:\BKPS Elipse\ESS\EnergisaSulSudeste_180225\backup\Reguladores_Bragantina_20250522_215021_20250522_215021_20250522_215021_20250522_215028\Reguladores_Bragantina_20250522_215021_20250522_215021_20250522_215021_20250522_215028_20250522_215039.prj: [WinError 3] O sistema não pode encontrar o caminho especificado
2025-05-22 21:50:50 - MODIFICADO: C:\BKPS Elipse\ESS\EnergisaSulSudeste_180225\backup\Reguladores_Bragantina_20250522_215020_20250522_215020_20250522_215022_20250522_215030\Reguladores_Bragantina_20250522_215020_20250522_215020_20250522_215022_20250522_215030_20250522_215041.prj | Usuário: casm
2025-05-22 21:50:50 - Erro ao criar backup de C:\BKPS Elipse\ESS\EnergisaSulSudeste_180225\backup\Reguladores_Bragantina_20250522_215020_20250522_215020_20250522_215022_20250522_215030\Reguladores_Bragantina_20250522_215020_20250522_215020_20250522_215022_20250522_215030_20250522_215041.prj: [WinError 3] O sistema não pode encontrar o caminho especificado
2025-05-22 21:50:50 - MODIFICADO: C:\BKPS Elipse\ESS\EnergisaSulSudeste_180225\backup\Reguladores_Bragantina_20250522_215020_20250522_215021_20250522_215024_20250522_215033\Reguladores_Bragantina_20250522_215020_20250522_215021_20250522_215024_20250522_215033_20250522_215043.prj | Usuário: casm
2025-05-22 21:50:50 - Erro ao criar backup de C:\BKPS Elipse\ESS\EnergisaSulSudeste_180225\backup\Reguladores_Bragantina_20250522_215020_20250522_215021_20250522_215024_20250522_215033\Reguladores_Bragantina_20250522_215020_20250522_215021_20250522_215024_20250522_215033_20250522_215043.prj: [WinError 3] O sistema não pode encontrar o caminho especificado
2025-05-22 21:50:51 - MODIFICADO: C:\BKPS Elipse\ESS\EnergisaSulSudeste_180225\backup\Reguladores_Bragantina_20250522_215021_20250522_215027_20250522_215036\Reguladores_Bragantina_20250522_215021_20250522_215027_20250522_215036_20250522_215045.prj | Usuário: casm
2025-05-22 21:50:51 - Backup criado: C:\BKPS Elipse\ESS\EnergisaSulSudeste_180225\backup\Reguladores_Bragantina_20250522_215021_20250522_215027_20250522_215036_20250522_215045\Reguladores_Bragantina_20250522_215021_20250522_215027_20250522_215036_20250522_215045_20250522_215051.prj
2025-05-22 21:50:51 - CRIADO: C:\BKPS Elipse\ESS\EnergisaSulSudeste_180225\backup\Reguladores_Bragantina_20250522_215021_20250522_215027_20250522_215036_20250522_215045\Reguladores_Bragantina_20250522_215021_20250522_215027_20250522_215036_20250522_215045_20250522_215051.prj | Usuário: casm
2025-05-22 21:50:51 - Erro ao criar backup de C:\BKPS Elipse\ESS\EnergisaSulSudeste_180225\backup\Reguladores_Bragantina_20250522_215021_20250522_215027_20250522_215036_20250522_215045\Reguladores_Bragantina_20250522_215021_20250522_215027_20250522_215036_20250522_215045_20250522_215051.prj: [WinError 3] O sistema não pode encontrar o caminho especificado
2025-05-22 21:50:51 - MODIFICADO: C:\BKPS Elipse\ESS\EnergisaSulSudeste_180225\backup\Reguladores_Bragantina_20250522_215021_20250522_215027_20250522_215036_20250522_215045\Reguladores_Bragantina_20250522_215021_20250522_215027_20250522_215036_20250522_215045_20250522_215045.prj | Usuário: casm
2025-05-22 21:50:51 - Erro ao criar backup de C:\BKPS Elipse\ESS\EnergisaSulSudeste_180225\backup\Reguladores_Bragantina_20250522_215021_20250522_215027_20250522_215036_20250522_215045\Reguladores_Bragantina_20250522_215021_20250522_215027_20250522_215036_20250522_215045_20250522_215045.prj: [WinError 3] O sistema não pode encontrar o caminho especificado
2025-05-22 21:50:52 - MODIFICADO: C:\BKPS Elipse\ESS\EnergisaSulSudeste_180225\backup\Reguladores_Bragantina_20250522_215021_20250522_215027_20250522_215036_20250522_215036\Reguladores_Bragantina_20250522_215021_20250522_215027_20250522_215036_20250522_215036_20250522_215045.prj | Usuário: casm
2025-05-22 21:50:52 - Erro ao criar backup de C:\BKPS Elipse\ESS\EnergisaSulSudeste_180225\backup\Reguladores_Bragantina_20250522_215021_20250522_215027_20250522_215036_20250522_215036\Reguladores_Bragantina_20250522_215021_20250522_215027_20250522_215036_20250522_215036_20250522_215045.prj: [WinError 3] O sistema não pode encontrar o caminho especificado
2025-05-22 21:50:52 - MODIFICADO: C:\BKPS Elipse\ESS\EnergisaSulSudeste_180225\backup\Reguladores_Bragantina_20250522_215021_20250522_215027_20250522_215027_20250522_215036\Reguladores_Bragantina_20250522_215021_20250522_215027_20250522_215027_20250522_215036_20250522_215046.prj | Usuário: casm
2025-05-22 21:50:52 - Erro ao criar backup de C:\BKPS Elipse\ESS\EnergisaSulSudeste_180225\backup\Reguladores_Bragantina_20250522_215021_20250522_215027_20250522_215027_20250522_215036\Reguladores_Bragantina_20250522_215021_20250522_215027_20250522_215027_20250522_215036_20250522_215046.prj: [WinError 3] O sistema não pode encontrar o caminho especificado
2025-05-22 21:50:53 - MODIFICADO: C:\BKPS Elipse\ESS\EnergisaSulSudeste_180225\backup\Reguladores_Bragantina_20250522_215021_20250522_215021_20250522_215027_20250522_215038\Reguladores_Bragantina_20250522_215021_20250522_215021_20250522_215027_20250522_215038_20250522_215048.prj | Usuário: casm
2025-05-22 21:50:53 - Erro ao criar backup de C:\BKPS Elipse\ESS\EnergisaSulSudeste_180225\backup\Reguladores_Bragantina_20250522_215021_20250522_215021_20250522_215027_20250522_215038\Reguladores_Bragantina_20250522_215021_20250522_215021_20250522_215027_20250522_215038_20250522_215048.prj: [WinError 3] O sistema não pode encontrar o caminho especificado
2025-05-22 21:50:53 - MODIFICADO: C:\BKPS Elipse\ESS\EnergisaSulSudeste_180225\backup\Reguladores_Bragantina_20250522_215021_20250522_215027_20250522_215036_20250522_215045\Reguladores_Bragantina_20250522_215021_20250522_215027_20250522_215036_20250522_215045_20250522_215051.prj | Usuário: casm
2025-05-22 21:50:53 - Erro ao criar backup de C:\BKPS Elipse\ESS\EnergisaSulSudeste_180225\backup\Reguladores_Bragantina_20250522_215021_20250522_215027_20250522_215036_20250522_215045\Reguladores_Bragantina_20250522_215021_20250522_215027_20250522_215036_20250522_215045_20250522_215051.prj: [WinError 3] O sistema não pode encontrar o caminho especificado
2025-05-22 21:58:22 - Monitoramento iniciado em: C:\BKPS Elipse\ESS\EnergisaSulSudeste_180225
2025-05-22 21:58:43 - MODIFICADO: C:\BKPS Elipse\ESS\EnergisaSulSudeste_180225\Reguladores_Bragantina.prj | Usuário: casm
2025-05-22 21:58:43 - Backup criado: C:\Temp\Logs Monitor\Reguladores_Bragantina\Reguladores_Bragantina_20250522_215843.prj
2025-05-22 21:58:45 - MODIFICADO: C:\BKPS Elipse\ESS\EnergisaSulSudeste_180225\Reguladores_Bragantina.prj | Usuário: casm
2025-05-22 21:58:45 - Backup criado: C:\Temp\Logs Monitor\Reguladores_Bragantina\Reguladores_Bragantina_20250522_215845.prj
2025-05-22 22:07:19 - Monitoramento iniciado em: C:\BKPS Elipse\ESS\EnergisaSulSudeste_180225
2025-05-22 22:07:54 - MODIFICADO: C:\BKPS Elipse\ESS\EnergisaSulSudeste_180225\Centro\REL_C_AguadoAlmoco.prj | Usuário: casm
2025-05-22 22:07:54 - Backup criado: C:\Temp\Logs Monitor\REL_C_AguadoAlmoco\REL_C_AguadoAlmoco_20250522_220754.prj
2025-05-22 22:09:43 - MODIFICADO: C:\BKPS Elipse\ESS\EnergisaSulSudeste_180225\Centro\REL_C_AguadoAlmoco.prj | Usuário: casm
2025-05-22 22:09:43 - Backup criado: C:\Temp\Logs Monitor\REL_C_AguadoAlmoco\REL_C_AguadoAlmoco_20250522_220943.prj
2025-05-22 22:12:16 - Monitoramento iniciado em: C:\BKPS Elipse\ESS\EnergisaSulSudeste_180225
2025-05-22 22:12:37 - MODIFICADO: C:\BKPS Elipse\ESS\EnergisaSulSudeste_180225\Centro\REL_C_AguadoAlmoco.prj | Usuário: casm
2025-05-22 22:12:37 - Backup criado: C:\Temp\Logs Monitor\REL_C_AguadoAlmoco\REL_C_AguadoAlmoco_20250522_221237.prj
2025-05-22 22:14:22 - Monitoramento iniciado em: C:\BKPS Elipse\ESS\EnergisaSulSudeste_180225
2025-05-22 22:14:30 - MODIFICADO: C:\BKPS Elipse\ESS\EnergisaSulSudeste_180225\Centro\REL_C_AguadoAlmoco.prj | Usuário: casm
2025-05-22 22:14:30 - Backup criado: C:\Temp\Logs Monitor\REL_C_AguadoAlmoco\REL_C_AguadoAlmoco_20250522_221430.prj
2025-05-22 22:18:01 - Monitoramento iniciado em: C:\BKPS Elipse\ESS\EnergisaSulSudeste_180225
2025-05-22 22:18:18 - MODIFICADO: C:\BKPS Elipse\ESS\EnergisaSulSudeste_180225\Centro\REL_C_AguadoAlmoco.prj | Usuário: casm
2025-05-22 22:18:18 - Backup criado: C:\Temp\Logs Monitor\REL_C_AguadoAlmoco\REL_C_AguadoAlmoco_20250522_221818_casm.prj
2025-05-22 22:20:24 - MODIFICADO: C:\BKPS Elipse\ESS\EnergisaSulSudeste_180225\Centro\REL_C_AguadoAlmoco.prj | Usuário: casm
2025-05-22 22:20:24 - Backup criado: C:\Temp\Logs Monitor\REL_C_AguadoAlmoco\REL_C_AguadoAlmoco_20250522_222024_casm.prj
2025-05-22 22:20:24 - Backup antigo removido: C:\Temp\Logs Monitor\REL_C_AguadoAlmoco\REL_C_AguadoAlmoco_20250522_220754.prj
2025-05-22 22:28:05 - Monitoramento iniciado em: C:\BKPS Elipse\ESS\EnergisaSulSudeste_180225
2025-05-22 22:28:16 - Monitoramento iniciado em: C:\BKPS Elipse\ESS\EnergisaSulSudeste_180225
2025-05-22 22:28:34 - Monitoramento iniciado em: C:\BKPS Elipse\ESS\EnergisaSulSudeste_180225
2025-05-22 22:28:40 - Monitoramento iniciado em: C:\BKPS Elipse\ESS\EnergisaSulSudeste_180225
2025-05-22 22:29:00 - Backup criado: C:\Temp\Logs Monitor\REL_C_AguadoAlmoco\REL_C_AguadoAlmoco_20250522_222900_casm.prj
2025-05-22 22:29:00 - Backup antigo removido: C:\Temp\Logs Monitor\REL_C_AguadoAlmoco\REL_C_AguadoAlmoco_20250522_220943.prj
2025-05-22 22:29:00 - MODIFICADO: C:\BKPS Elipse\ESS\EnergisaSulSudeste_180225\Centro\REL_C_AguadoAlmoco.prj | Usuário: casm | Backup feito.
2025-05-22 22:29:47 - Backup criado: C:\Temp\Logs Monitor\REL_C_AguadoAlmoco\REL_C_AguadoAlmoco_20250522_222947_casm.prj
2025-05-22 22:29:47 - Backup antigo removido: C:\Temp\Logs Monitor\REL_C_AguadoAlmoco\REL_C_AguadoAlmoco_20250522_221237.prj
2025-05-22 22:29:47 - MODIFICADO: C:\BKPS Elipse\ESS\EnergisaSulSudeste_180225\Centro\REL_C_AguadoAlmoco.prj | Usuário: casm | Backup feito.
2025-05-22 22:30:12 - Backup criado: C:\Temp\Logs Monitor\REL_C_AguadoAlmoco\REL_C_AguadoAlmoco_20250522_223012_casm.prj
2025-05-22 22:30:12 - Backup antigo removido: C:\Temp\Logs Monitor\REL_C_AguadoAlmoco\REL_C_AguadoAlmoco_20250522_221430.prj
2025-05-22 22:30:12 - MODIFICADO: C:\BKPS Elipse\ESS\EnergisaSulSudeste_180225\Centro\REL_C_AguadoAlmoco.prj | Usuário: casm | Backup feito.
2025-05-22 22:30:22 - Backup criado: C:\Temp\Logs Monitor\REL_C_AguadoAlmoco\REL_C_AguadoAlmoco_20250522_223022_casm.prj
2025-05-22 22:30:22 - Backup antigo removido: C:\Temp\Logs Monitor\REL_C_AguadoAlmoco\REL_C_AguadoAlmoco_20250522_221818_casm.prj
2025-05-22 22:30:22 - MODIFICADO: C:\BKPS Elipse\ESS\EnergisaSulSudeste_180225\Centro\REL_C_AguadoAlmoco.prj | Usuário: casm | Backup feito.
2025-05-22 22:49:39 - Monitoramento iniciado em: C:\BKPS Elipse\ESS\EnergisaSulSudeste_180225
2025-05-22 22:49:56 - MODIFICADO: C:\BKPS Elipse\ESS\EnergisaSulSudeste_180225\Centro\REL_C_AguadoAlmoco.prj | Usuário: casm
2025-05-22 22:49:56 - Backup criado: C:\Temp\Logs Monitor\REL_C_AguadoAlmoco\REL_C_AguadoAlmoco_20250522_224956_casm.prj
2025-05-22 22:50:31 - MODIFICADO: C:\BKPS Elipse\ESS\EnergisaSulSudeste_180225\Centro\REL_C_AguadoAlmoco.prj | Usuário: casm
2025-05-22 22:50:31 - Backup criado: C:\Temp\Logs Monitor\REL_C_AguadoAlmoco\REL_C_AguadoAlmoco_20250522_225031_casm.prj
2025-05-22 22:51:00 - Resumo diário gerado em: C:\Temp\Logs Monitor\resumo_modificacoes_20250522.log
2025-05-22 22:54:42 - Monitoramento iniciado em: C:\BKPS Elipse\ESS\EnergisaSulSudeste_180225
2025-05-22 22:55:02 - MODIFICADO: C:\BKPS Elipse\ESS\EnergisaSulSudeste_180225\Centro\REL_C_AguadoAlmoco.prj | Usuário: casm
2025-05-22 22:55:02 - Backup criado: C:\Temp\Logs Monitor\REL_C_AguadoAlmoco\REL_C_AguadoAlmoco_20250522_225502_casm.prj
2025-05-22 22:55:47 - MODIFICADO: C:\BKPS Elipse\ESS\EnergisaSulSudeste_180225\Centro\REL_C_AguadoAlmoco.prj | Usuário: casm
2025-05-22 22:55:47 - Backup criado: C:\Temp\Logs Monitor\REL_C_AguadoAlmoco\REL_C_AguadoAlmoco_20250522_225547_casm.prj
2025-05-22 22:56:23 - Log resumo diário criado: C:\Temp\Logs Monitor\Logs Resumo\resumo_20250522.log
2025-05-23 08:57:24 - Monitoramento iniciado em: C:\BKPS Elipse\ESS\EnergisaSulSudeste_180225
2025-05-23 08:58:05 - MODIFICADO: C:\BKPS Elipse\ESS\EnergisaSulSudeste_180225\Reguladores_Bragantina.prj | Usuário: casm
2025-05-23 08:58:05 - Backup criado: C:\Temp\Logs Monitor\Reguladores_Bragantina\Reguladores_Bragantina_20250523_085805_casm.prj
2025-05-23 08:58:12 - MODIFICADO: C:\BKPS Elipse\ESS\EnergisaSulSudeste_180225\Reguladores_Bragantina.prj | Usuário: casm
2025-05-23 08:58:12 - Backup criado: C:\Temp\Logs Monitor\Reguladores_Bragantina\Reguladores_Bragantina_20250523_085812_casm.prj
2025-05-23 09:00:37 - Log resumo diário criado: C:\Temp\Logs Monitor\Logs Resumo\resumo_20250523.log
2025-05-23 14:05:28 - Resumo diário salvo em: C:\Temp\Logs Monitor\Logs Resumo\resumo_20250523.txt
2025-05-23 14:05:28 - Monitoramento iniciado em: C:\BKPS Elipse\ESS\EnergisaSulSudeste_180225
2025-05-23 14:06:09 - MODIFICADO: C:\BKPS Elipse\ESS\EnergisaSulSudeste_180225\Reguladores_Bragantina.prj | Usuário: casm
2025-05-23 14:06:09 - Backup criado: C:\Temp\Logs Monitor\Reguladores_Bragantina\Reguladores_Bragantina_20250523_140609_casm.prj
2025-05-23 14:07:02 - MODIFICADO: C:\BKPS Elipse\ESS\EnergisaSulSudeste_180225\Reguladores_Bragantina.prj | Usuário: casm
2025-05-23 14:07:02 - Backup criado: C:\Temp\Logs Monitor\Reguladores_Bragantina\Reguladores_Bragantina_20250523_140702_casm.prj
2025-05-23 14:10:35 - Resumo diário salvo em: C:\Temp\Logs Monitor\Logs Resumo\resumo_20250523.txt
